~~~~~~~~~~~~~~~~~~~~~~~~~~~~~~~~~~~~~~~~~~~~~~~~
###::cron4trig2tm.sh v.200211.1942 Hooks log 4 auto deploy tm.101.camp
###::run@ 2020/06/21 08:00:02
/opt/www/101camp/TM/tm/cron4trig2tm.sh: line 44: inv: command not found
###::end@ 2020/06/21 08:00:11
^^^^^^^^^^^^^^^^^^^^^^^^^^^^^^^^^^^^^^^^^^^^^^^^

~~~~~~~~~~~~~~~~~~~~~~~~~~~~~~~~~~~~~~~~~~~~~~~~
###::cron4trig2tm.sh v.200211.1942 Hooks log 4 auto deploy tm.101.camp
###::run@ 2020/06/21 08:15:01
/opt/www/101camp/TM/tm/cron4trig2tm.sh: line 44: inv: command not found
###::end@ 2020/06/21 08:15:08
^^^^^^^^^^^^^^^^^^^^^^^^^^^^^^^^^^^^^^^^^^^^^^^^

~~~~~~~~~~~~~~~~~~~~~~~~~~~~~~~~~~~~~~~~~~~~~~~~
###::cron4trig2tm.sh v.200211.1942 Hooks log 4 auto deploy tm.101.camp
###::run@ 2020/06/21 08:30:01
/opt/www/101camp/TM/tm/cron4trig2tm.sh: line 44: inv: command not found
###::end@ 2020/06/21 08:30:08
^^^^^^^^^^^^^^^^^^^^^^^^^^^^^^^^^^^^^^^^^^^^^^^^

~~~~~~~~~~~~~~~~~~~~~~~~~~~~~~~~~~~~~~~~~~~~~~~~
###::cron4trig2tm.sh v.200211.1942 Hooks log 4 auto deploy tm.101.camp
###::run@ 2020/06/21 08:45:02
/opt/www/101camp/TM/tm/cron4trig2tm.sh: line 44: inv: command not found
###::end@ 2020/06/21 08:45:08
^^^^^^^^^^^^^^^^^^^^^^^^^^^^^^^^^^^^^^^^^^^^^^^^

~~~~~~~~~~~~~~~~~~~~~~~~~~~~~~~~~~~~~~~~~~~~~~~~
###::cron4trig2tm.sh v.200211.1942 Hooks log 4 auto deploy tm.101.camp
###::run@ 2020/06/21 09:00:01
/opt/www/101camp/TM/tm/cron4trig2tm.sh: line 44: inv: command not found
###::end@ 2020/06/21 09:00:08
^^^^^^^^^^^^^^^^^^^^^^^^^^^^^^^^^^^^^^^^^^^^^^^^

~~~~~~~~~~~~~~~~~~~~~~~~~~~~~~~~~~~~~~~~~~~~~~~~
###::cron4trig2tm.sh v.200211.1942 Hooks log 4 auto deploy tm.101.camp
###::run@ 2020/06/21 09:15:01
/opt/www/101camp/TM/tm/cron4trig2tm.sh: line 44: inv: command not found
###::end@ 2020/06/21 09:15:08
^^^^^^^^^^^^^^^^^^^^^^^^^^^^^^^^^^^^^^^^^^^^^^^^

~~~~~~~~~~~~~~~~~~~~~~~~~~~~~~~~~~~~~~~~~~~~~~~~
###::cron4trig2tm.sh v.200211.1942 Hooks log 4 auto deploy tm.101.camp
###::run@ 2020/06/21 09:30:01
/opt/www/101camp/TM/tm/cron4trig2tm.sh: line 44: inv: command not found
###::end@ 2020/06/21 09:30:09
^^^^^^^^^^^^^^^^^^^^^^^^^^^^^^^^^^^^^^^^^^^^^^^^

~~~~~~~~~~~~~~~~~~~~~~~~~~~~~~~~~~~~~~~~~~~~~~~~
###::cron4trig2tm.sh v.200211.1942 Hooks log 4 auto deploy tm.101.camp
###::run@ 2020/06/21 09:45:01
/opt/www/101camp/TM/tm/cron4trig2tm.sh: line 44: inv: command not found
###::end@ 2020/06/21 09:45:07
^^^^^^^^^^^^^^^^^^^^^^^^^^^^^^^^^^^^^^^^^^^^^^^^

~~~~~~~~~~~~~~~~~~~~~~~~~~~~~~~~~~~~~~~~~~~~~~~~
###::cron4trig2tm.sh v.200211.1942 Hooks log 4 auto deploy tm.101.camp
###::run@ 2020/06/21 10:00:01
/opt/www/101camp/TM/tm/cron4trig2tm.sh: line 44: inv: command not found
###::end@ 2020/06/21 10:00:09
^^^^^^^^^^^^^^^^^^^^^^^^^^^^^^^^^^^^^^^^^^^^^^^^

~~~~~~~~~~~~~~~~~~~~~~~~~~~~~~~~~~~~~~~~~~~~~~~~
###::cron4trig2tm.sh v.200211.1942 Hooks log 4 auto deploy tm.101.camp
###::run@ 2020/06/21 10:15:01
/opt/www/101camp/TM/tm/cron4trig2tm.sh: line 44: inv: command not found
###::end@ 2020/06/21 10:15:08
^^^^^^^^^^^^^^^^^^^^^^^^^^^^^^^^^^^^^^^^^^^^^^^^

~~~~~~~~~~~~~~~~~~~~~~~~~~~~~~~~~~~~~~~~~~~~~~~~
###::cron4trig2tm.sh v.200211.1942 Hooks log 4 auto deploy tm.101.camp
###::run@ 2020/06/21 10:30:01
/opt/www/101camp/TM/tm/cron4trig2tm.sh: line 44: inv: command not found
###::end@ 2020/06/21 10:30:09
^^^^^^^^^^^^^^^^^^^^^^^^^^^^^^^^^^^^^^^^^^^^^^^^

~~~~~~~~~~~~~~~~~~~~~~~~~~~~~~~~~~~~~~~~~~~~~~~~
###::cron4trig2tm.sh v.200211.1942 Hooks log 4 auto deploy tm.101.camp
###::run@ 2020/06/21 10:45:01
/opt/www/101camp/TM/tm/cron4trig2tm.sh: line 44: inv: command not found
###::end@ 2020/06/21 10:45:09
^^^^^^^^^^^^^^^^^^^^^^^^^^^^^^^^^^^^^^^^^^^^^^^^

~~~~~~~~~~~~~~~~~~~~~~~~~~~~~~~~~~~~~~~~~~~~~~~~
###::cron4trig2tm.sh v.200211.1942 Hooks log 4 auto deploy tm.101.camp
###::run@ 2020/06/21 11:00:01
/opt/www/101camp/TM/tm/cron4trig2tm.sh: line 44: inv: command not found
###::end@ 2020/06/21 11:00:09
^^^^^^^^^^^^^^^^^^^^^^^^^^^^^^^^^^^^^^^^^^^^^^^^

~~~~~~~~~~~~~~~~~~~~~~~~~~~~~~~~~~~~~~~~~~~~~~~~
###::cron4trig2tm.sh v.200211.1942 Hooks log 4 auto deploy tm.101.camp
###::run@ 2020/06/21 11:15:01
/opt/www/101camp/TM/tm/cron4trig2tm.sh: line 44: inv: command not found
###::end@ 2020/06/21 11:15:09
^^^^^^^^^^^^^^^^^^^^^^^^^^^^^^^^^^^^^^^^^^^^^^^^

~~~~~~~~~~~~~~~~~~~~~~~~~~~~~~~~~~~~~~~~~~~~~~~~
###::cron4trig2tm.sh v.200211.1942 Hooks log 4 auto deploy tm.101.camp
###::run@ 2020/06/21 11:30:01
/opt/www/101camp/TM/tm/cron4trig2tm.sh: line 44: inv: command not found
###::end@ 2020/06/21 11:30:09
^^^^^^^^^^^^^^^^^^^^^^^^^^^^^^^^^^^^^^^^^^^^^^^^

~~~~~~~~~~~~~~~~~~~~~~~~~~~~~~~~~~~~~~~~~~~~~~~~
###::cron4trig2tm.sh v.200211.1942 Hooks log 4 auto deploy tm.101.camp
###::run@ 2020/06/21 11:45:01
/opt/www/101camp/TM/tm/cron4trig2tm.sh: line 44: inv: command not found
###::end@ 2020/06/21 11:45:08
^^^^^^^^^^^^^^^^^^^^^^^^^^^^^^^^^^^^^^^^^^^^^^^^

~~~~~~~~~~~~~~~~~~~~~~~~~~~~~~~~~~~~~~~~~~~~~~~~
###::cron4trig2tm.sh v.200211.1942 Hooks log 4 auto deploy tm.101.camp
###::run@ 2020/06/21 12:00:01
/opt/www/101camp/TM/tm/cron4trig2tm.sh: line 44: inv: command not found
###::end@ 2020/06/21 12:00:10
^^^^^^^^^^^^^^^^^^^^^^^^^^^^^^^^^^^^^^^^^^^^^^^^

~~~~~~~~~~~~~~~~~~~~~~~~~~~~~~~~~~~~~~~~~~~~~~~~
###::cron4trig2tm.sh v.200211.1942 Hooks log 4 auto deploy tm.101.camp
###::run@ 2020/06/21 12:15:01
/opt/www/101camp/TM/tm/cron4trig2tm.sh: line 44: inv: command not found
###::end@ 2020/06/21 12:15:14
^^^^^^^^^^^^^^^^^^^^^^^^^^^^^^^^^^^^^^^^^^^^^^^^

~~~~~~~~~~~~~~~~~~~~~~~~~~~~~~~~~~~~~~~~~~~~~~~~
###::cron4trig2tm.sh v.200211.1942 Hooks log 4 auto deploy tm.101.camp
###::run@ 2020/06/21 12:30:01
/opt/www/101camp/TM/tm/cron4trig2tm.sh: line 44: inv: command not found
###::end@ 2020/06/21 12:30:10
^^^^^^^^^^^^^^^^^^^^^^^^^^^^^^^^^^^^^^^^^^^^^^^^

~~~~~~~~~~~~~~~~~~~~~~~~~~~~~~~~~~~~~~~~~~~~~~~~
###::cron4trig2tm.sh v.200211.1942 Hooks log 4 auto deploy tm.101.camp
###::run@ 2020/06/21 12:45:01
/opt/www/101camp/TM/tm/cron4trig2tm.sh: line 44: inv: command not found
###::end@ 2020/06/21 12:45:08
^^^^^^^^^^^^^^^^^^^^^^^^^^^^^^^^^^^^^^^^^^^^^^^^

~~~~~~~~~~~~~~~~~~~~~~~~~~~~~~~~~~~~~~~~~~~~~~~~
###::cron4trig2tm.sh v.200211.1942 Hooks log 4 auto deploy tm.101.camp
###::run@ 2020/06/21 13:00:01
/opt/www/101camp/TM/tm/cron4trig2tm.sh: line 44: inv: command not found
###::end@ 2020/06/21 13:00:09
^^^^^^^^^^^^^^^^^^^^^^^^^^^^^^^^^^^^^^^^^^^^^^^^

~~~~~~~~~~~~~~~~~~~~~~~~~~~~~~~~~~~~~~~~~~~~~~~~
###::cron4trig2tm.sh v.200211.1942 Hooks log 4 auto deploy tm.101.camp
###::run@ 2020/06/21 13:15:01
/opt/www/101camp/TM/tm/cron4trig2tm.sh: line 44: inv: command not found
###::end@ 2020/06/21 13:15:14
^^^^^^^^^^^^^^^^^^^^^^^^^^^^^^^^^^^^^^^^^^^^^^^^

~~~~~~~~~~~~~~~~~~~~~~~~~~~~~~~~~~~~~~~~~~~~~~~~
###::cron4trig2tm.sh v.200211.1942 Hooks log 4 auto deploy tm.101.camp
###::run@ 2020/06/21 13:30:01
/opt/www/101camp/TM/tm/cron4trig2tm.sh: line 44: inv: command not found
###::end@ 2020/06/21 13:30:10
^^^^^^^^^^^^^^^^^^^^^^^^^^^^^^^^^^^^^^^^^^^^^^^^

~~~~~~~~~~~~~~~~~~~~~~~~~~~~~~~~~~~~~~~~~~~~~~~~
###::cron4trig2tm.sh v.200211.1942 Hooks log 4 auto deploy tm.101.camp
###::run@ 2020/06/21 13:45:01
/opt/www/101camp/TM/tm/cron4trig2tm.sh: line 44: inv: command not found
###::end@ 2020/06/21 13:45:11
^^^^^^^^^^^^^^^^^^^^^^^^^^^^^^^^^^^^^^^^^^^^^^^^

~~~~~~~~~~~~~~~~~~~~~~~~~~~~~~~~~~~~~~~~~~~~~~~~
###::cron4trig2tm.sh v.200211.1942 Hooks log 4 auto deploy tm.101.camp
###::run@ 2020/06/21 14:00:01
/opt/www/101camp/TM/tm/cron4trig2tm.sh: line 44: inv: command not found
###::end@ 2020/06/21 14:00:09
^^^^^^^^^^^^^^^^^^^^^^^^^^^^^^^^^^^^^^^^^^^^^^^^

~~~~~~~~~~~~~~~~~~~~~~~~~~~~~~~~~~~~~~~~~~~~~~~~
###::cron4trig2tm.sh v.200211.1942 Hooks log 4 auto deploy tm.101.camp
###::run@ 2020/06/21 14:15:01
/opt/www/101camp/TM/tm/cron4trig2tm.sh: line 44: inv: command not found
###::end@ 2020/06/21 14:15:11
^^^^^^^^^^^^^^^^^^^^^^^^^^^^^^^^^^^^^^^^^^^^^^^^

~~~~~~~~~~~~~~~~~~~~~~~~~~~~~~~~~~~~~~~~~~~~~~~~
###::cron4trig2tm.sh v.200211.1942 Hooks log 4 auto deploy tm.101.camp
###::run@ 2020/06/21 14:30:01
/opt/www/101camp/TM/tm/cron4trig2tm.sh: line 44: inv: command not found
###::end@ 2020/06/21 14:30:09
^^^^^^^^^^^^^^^^^^^^^^^^^^^^^^^^^^^^^^^^^^^^^^^^

~~~~~~~~~~~~~~~~~~~~~~~~~~~~~~~~~~~~~~~~~~~~~~~~
###::cron4trig2tm.sh v.200211.1942 Hooks log 4 auto deploy tm.101.camp
###::run@ 2020/06/21 14:45:01
/opt/www/101camp/TM/tm/cron4trig2tm.sh: line 44: inv: command not found
###::end@ 2020/06/21 14:45:09
^^^^^^^^^^^^^^^^^^^^^^^^^^^^^^^^^^^^^^^^^^^^^^^^

~~~~~~~~~~~~~~~~~~~~~~~~~~~~~~~~~~~~~~~~~~~~~~~~
###::cron4trig2tm.sh v.200211.1942 Hooks log 4 auto deploy tm.101.camp
###::run@ 2020/06/21 15:00:02
/opt/www/101camp/TM/tm/cron4trig2tm.sh: line 44: inv: command not found
###::end@ 2020/06/21 15:00:12
^^^^^^^^^^^^^^^^^^^^^^^^^^^^^^^^^^^^^^^^^^^^^^^^

~~~~~~~~~~~~~~~~~~~~~~~~~~~~~~~~~~~~~~~~~~~~~~~~
###::cron4trig2tm.sh v.200211.1942 Hooks log 4 auto deploy tm.101.camp
###::run@ 2020/06/21 15:15:01
/opt/www/101camp/TM/tm/cron4trig2tm.sh: line 44: inv: command not found
###::end@ 2020/06/21 15:15:08
^^^^^^^^^^^^^^^^^^^^^^^^^^^^^^^^^^^^^^^^^^^^^^^^

~~~~~~~~~~~~~~~~~~~~~~~~~~~~~~~~~~~~~~~~~~~~~~~~
###::cron4trig2tm.sh v.200211.1942 Hooks log 4 auto deploy tm.101.camp
###::run@ 2020/06/21 15:30:01
/opt/www/101camp/TM/tm/cron4trig2tm.sh: line 44: inv: command not found
###::end@ 2020/06/21 15:30:10
^^^^^^^^^^^^^^^^^^^^^^^^^^^^^^^^^^^^^^^^^^^^^^^^

~~~~~~~~~~~~~~~~~~~~~~~~~~~~~~~~~~~~~~~~~~~~~~~~
###::cron4trig2tm.sh v.200211.1942 Hooks log 4 auto deploy tm.101.camp
###::run@ 2020/06/21 15:45:01
/opt/www/101camp/TM/tm/cron4trig2tm.sh: line 44: inv: command not found
###::end@ 2020/06/21 15:45:08
^^^^^^^^^^^^^^^^^^^^^^^^^^^^^^^^^^^^^^^^^^^^^^^^

~~~~~~~~~~~~~~~~~~~~~~~~~~~~~~~~~~~~~~~~~~~~~~~~
###::cron4trig2tm.sh v.200211.1942 Hooks log 4 auto deploy tm.101.camp
###::run@ 2020/06/21 16:00:01
/opt/www/101camp/TM/tm/cron4trig2tm.sh: line 44: inv: command not found
###::end@ 2020/06/21 16:00:09
^^^^^^^^^^^^^^^^^^^^^^^^^^^^^^^^^^^^^^^^^^^^^^^^

~~~~~~~~~~~~~~~~~~~~~~~~~~~~~~~~~~~~~~~~~~~~~~~~
###::cron4trig2tm.sh v.200211.1942 Hooks log 4 auto deploy tm.101.camp
###::run@ 2020/06/21 16:15:01
/opt/www/101camp/TM/tm/cron4trig2tm.sh: line 44: inv: command not found
###::end@ 2020/06/21 16:15:09
^^^^^^^^^^^^^^^^^^^^^^^^^^^^^^^^^^^^^^^^^^^^^^^^

~~~~~~~~~~~~~~~~~~~~~~~~~~~~~~~~~~~~~~~~~~~~~~~~
###::cron4trig2tm.sh v.200211.1942 Hooks log 4 auto deploy tm.101.camp
###::run@ 2020/06/21 16:30:01
/opt/www/101camp/TM/tm/cron4trig2tm.sh: line 44: inv: command not found
###::end@ 2020/06/21 16:30:09
^^^^^^^^^^^^^^^^^^^^^^^^^^^^^^^^^^^^^^^^^^^^^^^^

~~~~~~~~~~~~~~~~~~~~~~~~~~~~~~~~~~~~~~~~~~~~~~~~
###::cron4trig2tm.sh v.200211.1942 Hooks log 4 auto deploy tm.101.camp
###::run@ 2020/06/21 16:45:01
/opt/www/101camp/TM/tm/cron4trig2tm.sh: line 44: inv: command not found
###::end@ 2020/06/21 16:45:11
^^^^^^^^^^^^^^^^^^^^^^^^^^^^^^^^^^^^^^^^^^^^^^^^

~~~~~~~~~~~~~~~~~~~~~~~~~~~~~~~~~~~~~~~~~~~~~~~~
###::cron4trig2tm.sh v.200211.1942 Hooks log 4 auto deploy tm.101.camp
###::run@ 2020/06/21 17:00:01
/opt/www/101camp/TM/tm/cron4trig2tm.sh: line 44: inv: command not found
###::end@ 2020/06/21 17:00:11
^^^^^^^^^^^^^^^^^^^^^^^^^^^^^^^^^^^^^^^^^^^^^^^^

~~~~~~~~~~~~~~~~~~~~~~~~~~~~~~~~~~~~~~~~~~~~~~~~
###::cron4trig2tm.sh v.200211.1942 Hooks log 4 auto deploy tm.101.camp
###::run@ 2020/06/21 17:15:01
/opt/www/101camp/TM/tm/cron4trig2tm.sh: line 44: inv: command not found
###::end@ 2020/06/21 17:15:08
^^^^^^^^^^^^^^^^^^^^^^^^^^^^^^^^^^^^^^^^^^^^^^^^

~~~~~~~~~~~~~~~~~~~~~~~~~~~~~~~~~~~~~~~~~~~~~~~~
###::cron4trig2tm.sh v.200211.1942 Hooks log 4 auto deploy tm.101.camp
###::run@ 2020/06/21 17:30:01
/opt/www/101camp/TM/tm/cron4trig2tm.sh: line 44: inv: command not found
###::end@ 2020/06/21 17:30:10
^^^^^^^^^^^^^^^^^^^^^^^^^^^^^^^^^^^^^^^^^^^^^^^^

~~~~~~~~~~~~~~~~~~~~~~~~~~~~~~~~~~~~~~~~~~~~~~~~
###::cron4trig2tm.sh v.200211.1942 Hooks log 4 auto deploy tm.101.camp
###::run@ 2020/06/21 17:45:01
/opt/www/101camp/TM/tm/cron4trig2tm.sh: line 44: inv: command not found
###::end@ 2020/06/21 17:45:07
^^^^^^^^^^^^^^^^^^^^^^^^^^^^^^^^^^^^^^^^^^^^^^^^

~~~~~~~~~~~~~~~~~~~~~~~~~~~~~~~~~~~~~~~~~~~~~~~~
###::cron4trig2tm.sh v.200211.1942 Hooks log 4 auto deploy tm.101.camp
###::run@ 2020/06/21 18:00:01
/opt/www/101camp/TM/tm/cron4trig2tm.sh: line 44: inv: command not found
###::end@ 2020/06/21 18:00:10
^^^^^^^^^^^^^^^^^^^^^^^^^^^^^^^^^^^^^^^^^^^^^^^^

~~~~~~~~~~~~~~~~~~~~~~~~~~~~~~~~~~~~~~~~~~~~~~~~
###::cron4trig2tm.sh v.200211.1942 Hooks log 4 auto deploy tm.101.camp
###::run@ 2020/06/21 18:15:01
/opt/www/101camp/TM/tm/cron4trig2tm.sh: line 44: inv: command not found
###::end@ 2020/06/21 18:15:09
^^^^^^^^^^^^^^^^^^^^^^^^^^^^^^^^^^^^^^^^^^^^^^^^

~~~~~~~~~~~~~~~~~~~~~~~~~~~~~~~~~~~~~~~~~~~~~~~~
###::cron4trig2tm.sh v.200211.1942 Hooks log 4 auto deploy tm.101.camp
###::run@ 2020/06/21 18:30:01
/opt/www/101camp/TM/tm/cron4trig2tm.sh: line 44: inv: command not found
###::end@ 2020/06/21 18:30:09
^^^^^^^^^^^^^^^^^^^^^^^^^^^^^^^^^^^^^^^^^^^^^^^^

~~~~~~~~~~~~~~~~~~~~~~~~~~~~~~~~~~~~~~~~~~~~~~~~
###::cron4trig2tm.sh v.200211.1942 Hooks log 4 auto deploy tm.101.camp
###::run@ 2020/06/21 18:45:01
/opt/www/101camp/TM/tm/cron4trig2tm.sh: line 44: inv: command not found
###::end@ 2020/06/21 18:45:08
^^^^^^^^^^^^^^^^^^^^^^^^^^^^^^^^^^^^^^^^^^^^^^^^

~~~~~~~~~~~~~~~~~~~~~~~~~~~~~~~~~~~~~~~~~~~~~~~~
###::cron4trig2tm.sh v.200211.1942 Hooks log 4 auto deploy tm.101.camp
###::run@ 2020/06/21 19:00:01
/opt/www/101camp/TM/tm/cron4trig2tm.sh: line 44: inv: command not found
###::end@ 2020/06/21 19:00:09
^^^^^^^^^^^^^^^^^^^^^^^^^^^^^^^^^^^^^^^^^^^^^^^^

~~~~~~~~~~~~~~~~~~~~~~~~~~~~~~~~~~~~~~~~~~~~~~~~
###::cron4trig2tm.sh v.200211.1942 Hooks log 4 auto deploy tm.101.camp
###::run@ 2020/06/21 19:15:01
/opt/www/101camp/TM/tm/cron4trig2tm.sh: line 44: inv: command not found
###::end@ 2020/06/21 19:15:09
^^^^^^^^^^^^^^^^^^^^^^^^^^^^^^^^^^^^^^^^^^^^^^^^

~~~~~~~~~~~~~~~~~~~~~~~~~~~~~~~~~~~~~~~~~~~~~~~~
###::cron4trig2tm.sh v.200211.1942 Hooks log 4 auto deploy tm.101.camp
###::run@ 2020/06/21 19:30:01
/opt/www/101camp/TM/tm/cron4trig2tm.sh: line 44: inv: command not found
###::end@ 2020/06/21 19:30:13
^^^^^^^^^^^^^^^^^^^^^^^^^^^^^^^^^^^^^^^^^^^^^^^^

~~~~~~~~~~~~~~~~~~~~~~~~~~~~~~~~~~~~~~~~~~~~~~~~
###::cron4trig2tm.sh v.200211.1942 Hooks log 4 auto deploy tm.101.camp
###::run@ 2020/06/21 19:45:01
/opt/www/101camp/TM/tm/cron4trig2tm.sh: line 44: inv: command not found
###::end@ 2020/06/21 19:45:12
^^^^^^^^^^^^^^^^^^^^^^^^^^^^^^^^^^^^^^^^^^^^^^^^

~~~~~~~~~~~~~~~~~~~~~~~~~~~~~~~~~~~~~~~~~~~~~~~~
###::cron4trig2tm.sh v.200211.1942 Hooks log 4 auto deploy tm.101.camp
###::run@ 2020/06/21 20:00:01
/opt/www/101camp/TM/tm/cron4trig2tm.sh: line 44: inv: command not found
###::end@ 2020/06/21 20:00:11
^^^^^^^^^^^^^^^^^^^^^^^^^^^^^^^^^^^^^^^^^^^^^^^^

~~~~~~~~~~~~~~~~~~~~~~~~~~~~~~~~~~~~~~~~~~~~~~~~
###::cron4trig2tm.sh v.200211.1942 Hooks log 4 auto deploy tm.101.camp
###::run@ 2020/06/21 20:15:01
/opt/www/101camp/TM/tm/cron4trig2tm.sh: line 44: inv: command not found
###::end@ 2020/06/21 20:15:09
^^^^^^^^^^^^^^^^^^^^^^^^^^^^^^^^^^^^^^^^^^^^^^^^

~~~~~~~~~~~~~~~~~~~~~~~~~~~~~~~~~~~~~~~~~~~~~~~~
###::cron4trig2tm.sh v.200211.1942 Hooks log 4 auto deploy tm.101.camp
###::run@ 2020/06/21 20:30:01
/opt/www/101camp/TM/tm/cron4trig2tm.sh: line 44: inv: command not found
###::end@ 2020/06/21 20:30:09
^^^^^^^^^^^^^^^^^^^^^^^^^^^^^^^^^^^^^^^^^^^^^^^^

~~~~~~~~~~~~~~~~~~~~~~~~~~~~~~~~~~~~~~~~~~~~~~~~
###::cron4trig2tm.sh v.200211.1942 Hooks log 4 auto deploy tm.101.camp
###::run@ 2020/06/21 20:45:01
/opt/www/101camp/TM/tm/cron4trig2tm.sh: line 44: inv: command not found
###::end@ 2020/06/21 20:45:09
^^^^^^^^^^^^^^^^^^^^^^^^^^^^^^^^^^^^^^^^^^^^^^^^

~~~~~~~~~~~~~~~~~~~~~~~~~~~~~~~~~~~~~~~~~~~~~~~~
###::cron4trig2tm.sh v.200211.1942 Hooks log 4 auto deploy tm.101.camp
###::run@ 2020/06/21 21:00:01
/opt/www/101camp/TM/tm/cron4trig2tm.sh: line 44: inv: command not found
###::end@ 2020/06/21 21:00:12
^^^^^^^^^^^^^^^^^^^^^^^^^^^^^^^^^^^^^^^^^^^^^^^^

~~~~~~~~~~~~~~~~~~~~~~~~~~~~~~~~~~~~~~~~~~~~~~~~
###::cron4trig2tm.sh v.200211.1942 Hooks log 4 auto deploy tm.101.camp
###::run@ 2020/06/21 21:15:01
/opt/www/101camp/TM/tm/cron4trig2tm.sh: line 44: inv: command not found
###::end@ 2020/06/21 21:15:10
^^^^^^^^^^^^^^^^^^^^^^^^^^^^^^^^^^^^^^^^^^^^^^^^

~~~~~~~~~~~~~~~~~~~~~~~~~~~~~~~~~~~~~~~~~~~~~~~~
###::cron4trig2tm.sh v.200211.1942 Hooks log 4 auto deploy tm.101.camp
###::run@ 2020/06/21 21:30:01
/opt/www/101camp/TM/tm/cron4trig2tm.sh: line 44: inv: command not found
###::end@ 2020/06/21 21:30:10
^^^^^^^^^^^^^^^^^^^^^^^^^^^^^^^^^^^^^^^^^^^^^^^^

~~~~~~~~~~~~~~~~~~~~~~~~~~~~~~~~~~~~~~~~~~~~~~~~
###::cron4trig2tm.sh v.200211.1942 Hooks log 4 auto deploy tm.101.camp
###::run@ 2020/06/21 21:45:01
/opt/www/101camp/TM/tm/cron4trig2tm.sh: line 44: inv: command not found
###::end@ 2020/06/21 21:45:09
^^^^^^^^^^^^^^^^^^^^^^^^^^^^^^^^^^^^^^^^^^^^^^^^

~~~~~~~~~~~~~~~~~~~~~~~~~~~~~~~~~~~~~~~~~~~~~~~~
###::cron4trig2tm.sh v.200211.1942 Hooks log 4 auto deploy tm.101.camp
###::run@ 2020/06/21 22:00:01
/opt/www/101camp/TM/tm/cron4trig2tm.sh: line 44: inv: command not found
###::end@ 2020/06/21 22:00:10
^^^^^^^^^^^^^^^^^^^^^^^^^^^^^^^^^^^^^^^^^^^^^^^^

~~~~~~~~~~~~~~~~~~~~~~~~~~~~~~~~~~~~~~~~~~~~~~~~
###::cron4trig2tm.sh v.200211.1942 Hooks log 4 auto deploy tm.101.camp
###::run@ 2020/06/21 22:15:01
/opt/www/101camp/TM/tm/cron4trig2tm.sh: line 44: inv: command not found
###::end@ 2020/06/21 22:15:11
^^^^^^^^^^^^^^^^^^^^^^^^^^^^^^^^^^^^^^^^^^^^^^^^

~~~~~~~~~~~~~~~~~~~~~~~~~~~~~~~~~~~~~~~~~~~~~~~~
###::cron4trig2tm.sh v.200211.1942 Hooks log 4 auto deploy tm.101.camp
###::run@ 2020/06/21 22:30:01
/opt/www/101camp/TM/tm/cron4trig2tm.sh: line 44: inv: command not found
###::end@ 2020/06/21 22:30:11
^^^^^^^^^^^^^^^^^^^^^^^^^^^^^^^^^^^^^^^^^^^^^^^^

~~~~~~~~~~~~~~~~~~~~~~~~~~~~~~~~~~~~~~~~~~~~~~~~
###::cron4trig2tm.sh v.200211.1942 Hooks log 4 auto deploy tm.101.camp
###::run@ 2020/06/21 22:45:01
/opt/www/101camp/TM/tm/cron4trig2tm.sh: line 44: inv: command not found
###::end@ 2020/06/21 22:45:09
^^^^^^^^^^^^^^^^^^^^^^^^^^^^^^^^^^^^^^^^^^^^^^^^

~~~~~~~~~~~~~~~~~~~~~~~~~~~~~~~~~~~~~~~~~~~~~~~~
###::cron4trig2tm.sh v.200211.1942 Hooks log 4 auto deploy tm.101.camp
###::run@ 2020/06/21 23:00:01
/opt/www/101camp/TM/tm/cron4trig2tm.sh: line 44: inv: command not found
###::end@ 2020/06/21 23:00:11
^^^^^^^^^^^^^^^^^^^^^^^^^^^^^^^^^^^^^^^^^^^^^^^^

~~~~~~~~~~~~~~~~~~~~~~~~~~~~~~~~~~~~~~~~~~~~~~~~
###::cron4trig2tm.sh v.200211.1942 Hooks log 4 auto deploy tm.101.camp
###::run@ 2020/06/21 23:15:01
/opt/www/101camp/TM/tm/cron4trig2tm.sh: line 44: inv: command not found
###::end@ 2020/06/21 23:15:10
^^^^^^^^^^^^^^^^^^^^^^^^^^^^^^^^^^^^^^^^^^^^^^^^

~~~~~~~~~~~~~~~~~~~~~~~~~~~~~~~~~~~~~~~~~~~~~~~~
###::cron4trig2tm.sh v.200211.1942 Hooks log 4 auto deploy tm.101.camp
###::run@ 2020/06/21 23:30:01
/opt/www/101camp/TM/tm/cron4trig2tm.sh: line 44: inv: command not found
