~~~~~~~~~~~~~~~~~~~~~~~~~~~~~~~~~~~~~~~~~~~~~~~~
###::cron4trig2tm.sh v.200211.1942 Hooks log 4 auto deploy tm.101.camp
###::run@ 2020/05/13 08:00:01
/opt/www/101camp/TM/tm/cron4trig2tm.sh: line 44: inv: command not found
###::end@ 2020/05/13 08:00:12
^^^^^^^^^^^^^^^^^^^^^^^^^^^^^^^^^^^^^^^^^^^^^^^^

~~~~~~~~~~~~~~~~~~~~~~~~~~~~~~~~~~~~~~~~~~~~~~~~
###::cron4trig2tm.sh v.200211.1942 Hooks log 4 auto deploy tm.101.camp
###::run@ 2020/05/13 08:15:01
/opt/www/101camp/TM/tm/cron4trig2tm.sh: line 44: inv: command not found
###::end@ 2020/05/13 08:15:09
^^^^^^^^^^^^^^^^^^^^^^^^^^^^^^^^^^^^^^^^^^^^^^^^

~~~~~~~~~~~~~~~~~~~~~~~~~~~~~~~~~~~~~~~~~~~~~~~~
###::cron4trig2tm.sh v.200211.1942 Hooks log 4 auto deploy tm.101.camp
###::run@ 2020/05/13 08:30:01
/opt/www/101camp/TM/tm/cron4trig2tm.sh: line 44: inv: command not found
###::end@ 2020/05/13 08:30:09
^^^^^^^^^^^^^^^^^^^^^^^^^^^^^^^^^^^^^^^^^^^^^^^^

~~~~~~~~~~~~~~~~~~~~~~~~~~~~~~~~~~~~~~~~~~~~~~~~
###::cron4trig2tm.sh v.200211.1942 Hooks log 4 auto deploy tm.101.camp
###::run@ 2020/05/13 08:45:01
/opt/www/101camp/TM/tm/cron4trig2tm.sh: line 44: inv: command not found
###::end@ 2020/05/13 08:45:09
^^^^^^^^^^^^^^^^^^^^^^^^^^^^^^^^^^^^^^^^^^^^^^^^

~~~~~~~~~~~~~~~~~~~~~~~~~~~~~~~~~~~~~~~~~~~~~~~~
###::cron4trig2tm.sh v.200211.1942 Hooks log 4 auto deploy tm.101.camp
###::run@ 2020/05/13 09:00:01
/opt/www/101camp/TM/tm/cron4trig2tm.sh: line 44: inv: command not found
###::end@ 2020/05/13 09:00:09
^^^^^^^^^^^^^^^^^^^^^^^^^^^^^^^^^^^^^^^^^^^^^^^^

~~~~~~~~~~~~~~~~~~~~~~~~~~~~~~~~~~~~~~~~~~~~~~~~
###::cron4trig2tm.sh v.200211.1942 Hooks log 4 auto deploy tm.101.camp
###::run@ 2020/05/13 09:15:01
/opt/www/101camp/TM/tm/cron4trig2tm.sh: line 44: inv: command not found
###::end@ 2020/05/13 09:15:08
^^^^^^^^^^^^^^^^^^^^^^^^^^^^^^^^^^^^^^^^^^^^^^^^

~~~~~~~~~~~~~~~~~~~~~~~~~~~~~~~~~~~~~~~~~~~~~~~~
###::cron4trig2tm.sh v.200211.1942 Hooks log 4 auto deploy tm.101.camp
###::run@ 2020/05/13 09:30:01
/opt/www/101camp/TM/tm/cron4trig2tm.sh: line 44: inv: command not found
###::end@ 2020/05/13 09:30:09
^^^^^^^^^^^^^^^^^^^^^^^^^^^^^^^^^^^^^^^^^^^^^^^^

~~~~~~~~~~~~~~~~~~~~~~~~~~~~~~~~~~~~~~~~~~~~~~~~
###::cron4trig2tm.sh v.200211.1942 Hooks log 4 auto deploy tm.101.camp
###::run@ 2020/05/13 09:45:01
/opt/www/101camp/TM/tm/cron4trig2tm.sh: line 44: inv: command not found
###::end@ 2020/05/13 09:45:07
^^^^^^^^^^^^^^^^^^^^^^^^^^^^^^^^^^^^^^^^^^^^^^^^

~~~~~~~~~~~~~~~~~~~~~~~~~~~~~~~~~~~~~~~~~~~~~~~~
###::cron4trig2tm.sh v.200211.1942 Hooks log 4 auto deploy tm.101.camp
###::run@ 2020/05/13 10:00:01
/opt/www/101camp/TM/tm/cron4trig2tm.sh: line 44: inv: command not found
###::end@ 2020/05/13 10:00:11
^^^^^^^^^^^^^^^^^^^^^^^^^^^^^^^^^^^^^^^^^^^^^^^^

~~~~~~~~~~~~~~~~~~~~~~~~~~~~~~~~~~~~~~~~~~~~~~~~
###::cron4trig2tm.sh v.200211.1942 Hooks log 4 auto deploy tm.101.camp
###::run@ 2020/05/13 10:15:01
/opt/www/101camp/TM/tm/cron4trig2tm.sh: line 44: inv: command not found
###::end@ 2020/05/13 10:15:09
^^^^^^^^^^^^^^^^^^^^^^^^^^^^^^^^^^^^^^^^^^^^^^^^

~~~~~~~~~~~~~~~~~~~~~~~~~~~~~~~~~~~~~~~~~~~~~~~~
###::cron4trig2tm.sh v.200211.1942 Hooks log 4 auto deploy tm.101.camp
###::run@ 2020/05/13 10:30:01
/opt/www/101camp/TM/tm/cron4trig2tm.sh: line 44: inv: command not found
###::end@ 2020/05/13 10:30:08
^^^^^^^^^^^^^^^^^^^^^^^^^^^^^^^^^^^^^^^^^^^^^^^^

~~~~~~~~~~~~~~~~~~~~~~~~~~~~~~~~~~~~~~~~~~~~~~~~
###::cron4trig2tm.sh v.200211.1942 Hooks log 4 auto deploy tm.101.camp
###::run@ 2020/05/13 10:45:01
/opt/www/101camp/TM/tm/cron4trig2tm.sh: line 44: inv: command not found
###::end@ 2020/05/13 10:45:13
^^^^^^^^^^^^^^^^^^^^^^^^^^^^^^^^^^^^^^^^^^^^^^^^

~~~~~~~~~~~~~~~~~~~~~~~~~~~~~~~~~~~~~~~~~~~~~~~~
###::cron4trig2tm.sh v.200211.1942 Hooks log 4 auto deploy tm.101.camp
###::run@ 2020/05/13 11:00:01
/opt/www/101camp/TM/tm/cron4trig2tm.sh: line 44: inv: command not found
###::end@ 2020/05/13 11:00:10
^^^^^^^^^^^^^^^^^^^^^^^^^^^^^^^^^^^^^^^^^^^^^^^^

~~~~~~~~~~~~~~~~~~~~~~~~~~~~~~~~~~~~~~~~~~~~~~~~
###::cron4trig2tm.sh v.200211.1942 Hooks log 4 auto deploy tm.101.camp
###::run@ 2020/05/13 11:15:01
/opt/www/101camp/TM/tm/cron4trig2tm.sh: line 44: inv: command not found
###::end@ 2020/05/13 11:15:08
^^^^^^^^^^^^^^^^^^^^^^^^^^^^^^^^^^^^^^^^^^^^^^^^

~~~~~~~~~~~~~~~~~~~~~~~~~~~~~~~~~~~~~~~~~~~~~~~~
###::cron4trig2tm.sh v.200211.1942 Hooks log 4 auto deploy tm.101.camp
###::run@ 2020/05/13 11:30:01
/opt/www/101camp/TM/tm/cron4trig2tm.sh: line 44: inv: command not found
###::end@ 2020/05/13 11:30:08
^^^^^^^^^^^^^^^^^^^^^^^^^^^^^^^^^^^^^^^^^^^^^^^^

~~~~~~~~~~~~~~~~~~~~~~~~~~~~~~~~~~~~~~~~~~~~~~~~
###::cron4trig2tm.sh v.200211.1942 Hooks log 4 auto deploy tm.101.camp
###::run@ 2020/05/13 11:45:01
/opt/www/101camp/TM/tm/cron4trig2tm.sh: line 44: inv: command not found
###::end@ 2020/05/13 11:45:08
^^^^^^^^^^^^^^^^^^^^^^^^^^^^^^^^^^^^^^^^^^^^^^^^

~~~~~~~~~~~~~~~~~~~~~~~~~~~~~~~~~~~~~~~~~~~~~~~~
###::cron4trig2tm.sh v.200211.1942 Hooks log 4 auto deploy tm.101.camp
###::run@ 2020/05/13 12:00:01
/opt/www/101camp/TM/tm/cron4trig2tm.sh: line 44: inv: command not found
###::end@ 2020/05/13 12:00:10
^^^^^^^^^^^^^^^^^^^^^^^^^^^^^^^^^^^^^^^^^^^^^^^^

~~~~~~~~~~~~~~~~~~~~~~~~~~~~~~~~~~~~~~~~~~~~~~~~
###::cron4trig2tm.sh v.200211.1942 Hooks log 4 auto deploy tm.101.camp
###::run@ 2020/05/13 12:15:01
/opt/www/101camp/TM/tm/cron4trig2tm.sh: line 44: inv: command not found
###::end@ 2020/05/13 12:15:08
^^^^^^^^^^^^^^^^^^^^^^^^^^^^^^^^^^^^^^^^^^^^^^^^

~~~~~~~~~~~~~~~~~~~~~~~~~~~~~~~~~~~~~~~~~~~~~~~~
###::cron4trig2tm.sh v.200211.1942 Hooks log 4 auto deploy tm.101.camp
###::run@ 2020/05/13 12:30:01
/opt/www/101camp/TM/tm/cron4trig2tm.sh: line 44: inv: command not found
###::end@ 2020/05/13 12:30:10
^^^^^^^^^^^^^^^^^^^^^^^^^^^^^^^^^^^^^^^^^^^^^^^^

~~~~~~~~~~~~~~~~~~~~~~~~~~~~~~~~~~~~~~~~~~~~~~~~
###::cron4trig2tm.sh v.200211.1942 Hooks log 4 auto deploy tm.101.camp
###::run@ 2020/05/13 12:45:01
/opt/www/101camp/TM/tm/cron4trig2tm.sh: line 44: inv: command not found
###::end@ 2020/05/13 12:45:09
^^^^^^^^^^^^^^^^^^^^^^^^^^^^^^^^^^^^^^^^^^^^^^^^

~~~~~~~~~~~~~~~~~~~~~~~~~~~~~~~~~~~~~~~~~~~~~~~~
###::cron4trig2tm.sh v.200211.1942 Hooks log 4 auto deploy tm.101.camp
###::run@ 2020/05/13 13:00:01
/opt/www/101camp/TM/tm/cron4trig2tm.sh: line 44: inv: command not found
###::end@ 2020/05/13 13:00:09
^^^^^^^^^^^^^^^^^^^^^^^^^^^^^^^^^^^^^^^^^^^^^^^^

~~~~~~~~~~~~~~~~~~~~~~~~~~~~~~~~~~~~~~~~~~~~~~~~
###::cron4trig2tm.sh v.200211.1942 Hooks log 4 auto deploy tm.101.camp
###::run@ 2020/05/13 13:15:01
/opt/www/101camp/TM/tm/cron4trig2tm.sh: line 44: inv: command not found
###::end@ 2020/05/13 13:15:10
^^^^^^^^^^^^^^^^^^^^^^^^^^^^^^^^^^^^^^^^^^^^^^^^

~~~~~~~~~~~~~~~~~~~~~~~~~~~~~~~~~~~~~~~~~~~~~~~~
###::cron4trig2tm.sh v.200211.1942 Hooks log 4 auto deploy tm.101.camp
###::run@ 2020/05/13 13:30:01
/opt/www/101camp/TM/tm/cron4trig2tm.sh: line 44: inv: command not found
###::end@ 2020/05/13 13:30:09
^^^^^^^^^^^^^^^^^^^^^^^^^^^^^^^^^^^^^^^^^^^^^^^^

~~~~~~~~~~~~~~~~~~~~~~~~~~~~~~~~~~~~~~~~~~~~~~~~
###::cron4trig2tm.sh v.200211.1942 Hooks log 4 auto deploy tm.101.camp
###::run@ 2020/05/13 13:45:01
/opt/www/101camp/TM/tm/cron4trig2tm.sh: line 44: inv: command not found
###::end@ 2020/05/13 13:45:08
^^^^^^^^^^^^^^^^^^^^^^^^^^^^^^^^^^^^^^^^^^^^^^^^

~~~~~~~~~~~~~~~~~~~~~~~~~~~~~~~~~~~~~~~~~~~~~~~~
###::cron4trig2tm.sh v.200211.1942 Hooks log 4 auto deploy tm.101.camp
###::run@ 2020/05/13 14:00:01
/opt/www/101camp/TM/tm/cron4trig2tm.sh: line 44: inv: command not found
###::end@ 2020/05/13 14:00:09
^^^^^^^^^^^^^^^^^^^^^^^^^^^^^^^^^^^^^^^^^^^^^^^^

~~~~~~~~~~~~~~~~~~~~~~~~~~~~~~~~~~~~~~~~~~~~~~~~
###::cron4trig2tm.sh v.200211.1942 Hooks log 4 auto deploy tm.101.camp
###::run@ 2020/05/13 14:15:01
/opt/www/101camp/TM/tm/cron4trig2tm.sh: line 44: inv: command not found
###::end@ 2020/05/13 14:15:08
^^^^^^^^^^^^^^^^^^^^^^^^^^^^^^^^^^^^^^^^^^^^^^^^

~~~~~~~~~~~~~~~~~~~~~~~~~~~~~~~~~~~~~~~~~~~~~~~~
###::cron4trig2tm.sh v.200211.1942 Hooks log 4 auto deploy tm.101.camp
###::run@ 2020/05/13 14:30:01
/opt/www/101camp/TM/tm/cron4trig2tm.sh: line 44: inv: command not found
###::end@ 2020/05/13 14:30:09
^^^^^^^^^^^^^^^^^^^^^^^^^^^^^^^^^^^^^^^^^^^^^^^^

~~~~~~~~~~~~~~~~~~~~~~~~~~~~~~~~~~~~~~~~~~~~~~~~
###::cron4trig2tm.sh v.200211.1942 Hooks log 4 auto deploy tm.101.camp
###::run@ 2020/05/13 14:45:01
/opt/www/101camp/TM/tm/cron4trig2tm.sh: line 44: inv: command not found
###::end@ 2020/05/13 14:45:08
^^^^^^^^^^^^^^^^^^^^^^^^^^^^^^^^^^^^^^^^^^^^^^^^

~~~~~~~~~~~~~~~~~~~~~~~~~~~~~~~~~~~~~~~~~~~~~~~~
###::cron4trig2tm.sh v.200211.1942 Hooks log 4 auto deploy tm.101.camp
###::run@ 2020/05/13 15:00:01
/opt/www/101camp/TM/tm/cron4trig2tm.sh: line 44: inv: command not found
###::end@ 2020/05/13 15:00:10
^^^^^^^^^^^^^^^^^^^^^^^^^^^^^^^^^^^^^^^^^^^^^^^^

~~~~~~~~~~~~~~~~~~~~~~~~~~~~~~~~~~~~~~~~~~~~~~~~
###::cron4trig2tm.sh v.200211.1942 Hooks log 4 auto deploy tm.101.camp
###::run@ 2020/05/13 15:15:01
/opt/www/101camp/TM/tm/cron4trig2tm.sh: line 44: inv: command not found
###::end@ 2020/05/13 15:15:09
^^^^^^^^^^^^^^^^^^^^^^^^^^^^^^^^^^^^^^^^^^^^^^^^

~~~~~~~~~~~~~~~~~~~~~~~~~~~~~~~~~~~~~~~~~~~~~~~~
###::cron4trig2tm.sh v.200211.1942 Hooks log 4 auto deploy tm.101.camp
###::run@ 2020/05/13 15:30:01
/opt/www/101camp/TM/tm/cron4trig2tm.sh: line 44: inv: command not found
###::end@ 2020/05/13 15:30:10
^^^^^^^^^^^^^^^^^^^^^^^^^^^^^^^^^^^^^^^^^^^^^^^^

~~~~~~~~~~~~~~~~~~~~~~~~~~~~~~~~~~~~~~~~~~~~~~~~
###::cron4trig2tm.sh v.200211.1942 Hooks log 4 auto deploy tm.101.camp
###::run@ 2020/05/13 15:45:01
/opt/www/101camp/TM/tm/cron4trig2tm.sh: line 44: inv: command not found
###::end@ 2020/05/13 15:45:09
^^^^^^^^^^^^^^^^^^^^^^^^^^^^^^^^^^^^^^^^^^^^^^^^

~~~~~~~~~~~~~~~~~~~~~~~~~~~~~~~~~~~~~~~~~~~~~~~~
###::cron4trig2tm.sh v.200211.1942 Hooks log 4 auto deploy tm.101.camp
###::run@ 2020/05/13 16:00:01
/opt/www/101camp/TM/tm/cron4trig2tm.sh: line 44: inv: command not found
###::end@ 2020/05/13 16:00:11
^^^^^^^^^^^^^^^^^^^^^^^^^^^^^^^^^^^^^^^^^^^^^^^^

~~~~~~~~~~~~~~~~~~~~~~~~~~~~~~~~~~~~~~~~~~~~~~~~
###::cron4trig2tm.sh v.200211.1942 Hooks log 4 auto deploy tm.101.camp
###::run@ 2020/05/13 16:15:01
/opt/www/101camp/TM/tm/cron4trig2tm.sh: line 44: inv: command not found
###::end@ 2020/05/13 16:15:09
^^^^^^^^^^^^^^^^^^^^^^^^^^^^^^^^^^^^^^^^^^^^^^^^

~~~~~~~~~~~~~~~~~~~~~~~~~~~~~~~~~~~~~~~~~~~~~~~~
###::cron4trig2tm.sh v.200211.1942 Hooks log 4 auto deploy tm.101.camp
###::run@ 2020/05/13 16:30:01
/opt/www/101camp/TM/tm/cron4trig2tm.sh: line 44: inv: command not found
###::end@ 2020/05/13 16:30:09
^^^^^^^^^^^^^^^^^^^^^^^^^^^^^^^^^^^^^^^^^^^^^^^^

~~~~~~~~~~~~~~~~~~~~~~~~~~~~~~~~~~~~~~~~~~~~~~~~
###::cron4trig2tm.sh v.200211.1942 Hooks log 4 auto deploy tm.101.camp
###::run@ 2020/05/13 16:45:01
/opt/www/101camp/TM/tm/cron4trig2tm.sh: line 44: inv: command not found
###::end@ 2020/05/13 16:45:09
^^^^^^^^^^^^^^^^^^^^^^^^^^^^^^^^^^^^^^^^^^^^^^^^

~~~~~~~~~~~~~~~~~~~~~~~~~~~~~~~~~~~~~~~~~~~~~~~~
###::cron4trig2tm.sh v.200211.1942 Hooks log 4 auto deploy tm.101.camp
###::run@ 2020/05/13 17:00:01
/opt/www/101camp/TM/tm/cron4trig2tm.sh: line 44: inv: command not found
###::end@ 2020/05/13 17:00:10
^^^^^^^^^^^^^^^^^^^^^^^^^^^^^^^^^^^^^^^^^^^^^^^^

~~~~~~~~~~~~~~~~~~~~~~~~~~~~~~~~~~~~~~~~~~~~~~~~
###::cron4trig2tm.sh v.200211.1942 Hooks log 4 auto deploy tm.101.camp
###::run@ 2020/05/13 17:15:01
/opt/www/101camp/TM/tm/cron4trig2tm.sh: line 44: inv: command not found
###::end@ 2020/05/13 17:15:09
^^^^^^^^^^^^^^^^^^^^^^^^^^^^^^^^^^^^^^^^^^^^^^^^

~~~~~~~~~~~~~~~~~~~~~~~~~~~~~~~~~~~~~~~~~~~~~~~~
###::cron4trig2tm.sh v.200211.1942 Hooks log 4 auto deploy tm.101.camp
###::run@ 2020/05/13 17:30:01
/opt/www/101camp/TM/tm/cron4trig2tm.sh: line 44: inv: command not found
###::end@ 2020/05/13 17:30:10
^^^^^^^^^^^^^^^^^^^^^^^^^^^^^^^^^^^^^^^^^^^^^^^^

~~~~~~~~~~~~~~~~~~~~~~~~~~~~~~~~~~~~~~~~~~~~~~~~
###::cron4trig2tm.sh v.200211.1942 Hooks log 4 auto deploy tm.101.camp
###::run@ 2020/05/13 17:45:01
/opt/www/101camp/TM/tm/cron4trig2tm.sh: line 44: inv: command not found
###::end@ 2020/05/13 17:45:08
^^^^^^^^^^^^^^^^^^^^^^^^^^^^^^^^^^^^^^^^^^^^^^^^

~~~~~~~~~~~~~~~~~~~~~~~~~~~~~~~~~~~~~~~~~~~~~~~~
###::cron4trig2tm.sh v.200211.1942 Hooks log 4 auto deploy tm.101.camp
###::run@ 2020/05/13 18:00:01
/opt/www/101camp/TM/tm/cron4trig2tm.sh: line 44: inv: command not found
###::end@ 2020/05/13 18:00:11
^^^^^^^^^^^^^^^^^^^^^^^^^^^^^^^^^^^^^^^^^^^^^^^^

~~~~~~~~~~~~~~~~~~~~~~~~~~~~~~~~~~~~~~~~~~~~~~~~
###::cron4trig2tm.sh v.200211.1942 Hooks log 4 auto deploy tm.101.camp
###::run@ 2020/05/13 18:15:01
/opt/www/101camp/TM/tm/cron4trig2tm.sh: line 44: inv: command not found
###::end@ 2020/05/13 18:15:08
^^^^^^^^^^^^^^^^^^^^^^^^^^^^^^^^^^^^^^^^^^^^^^^^

~~~~~~~~~~~~~~~~~~~~~~~~~~~~~~~~~~~~~~~~~~~~~~~~
###::cron4trig2tm.sh v.200211.1942 Hooks log 4 auto deploy tm.101.camp
###::run@ 2020/05/13 18:30:01
/opt/www/101camp/TM/tm/cron4trig2tm.sh: line 44: inv: command not found
###::end@ 2020/05/13 18:30:10
^^^^^^^^^^^^^^^^^^^^^^^^^^^^^^^^^^^^^^^^^^^^^^^^

~~~~~~~~~~~~~~~~~~~~~~~~~~~~~~~~~~~~~~~~~~~~~~~~
###::cron4trig2tm.sh v.200211.1942 Hooks log 4 auto deploy tm.101.camp
###::run@ 2020/05/13 18:45:01
/opt/www/101camp/TM/tm/cron4trig2tm.sh: line 44: inv: command not found
###::end@ 2020/05/13 18:45:11
^^^^^^^^^^^^^^^^^^^^^^^^^^^^^^^^^^^^^^^^^^^^^^^^

~~~~~~~~~~~~~~~~~~~~~~~~~~~~~~~~~~~~~~~~~~~~~~~~
###::cron4trig2tm.sh v.200211.1942 Hooks log 4 auto deploy tm.101.camp
###::run@ 2020/05/13 19:00:01
/opt/www/101camp/TM/tm/cron4trig2tm.sh: line 44: inv: command not found
###::end@ 2020/05/13 19:00:09
^^^^^^^^^^^^^^^^^^^^^^^^^^^^^^^^^^^^^^^^^^^^^^^^

~~~~~~~~~~~~~~~~~~~~~~~~~~~~~~~~~~~~~~~~~~~~~~~~
###::cron4trig2tm.sh v.200211.1942 Hooks log 4 auto deploy tm.101.camp
###::run@ 2020/05/13 19:15:01
/opt/www/101camp/TM/tm/cron4trig2tm.sh: line 44: inv: command not found
###::end@ 2020/05/13 19:15:08
^^^^^^^^^^^^^^^^^^^^^^^^^^^^^^^^^^^^^^^^^^^^^^^^

~~~~~~~~~~~~~~~~~~~~~~~~~~~~~~~~~~~~~~~~~~~~~~~~
###::cron4trig2tm.sh v.200211.1942 Hooks log 4 auto deploy tm.101.camp
###::run@ 2020/05/13 19:30:01
/opt/www/101camp/TM/tm/cron4trig2tm.sh: line 44: inv: command not found
###::end@ 2020/05/13 19:30:09
^^^^^^^^^^^^^^^^^^^^^^^^^^^^^^^^^^^^^^^^^^^^^^^^

~~~~~~~~~~~~~~~~~~~~~~~~~~~~~~~~~~~~~~~~~~~~~~~~
###::cron4trig2tm.sh v.200211.1942 Hooks log 4 auto deploy tm.101.camp
###::run@ 2020/05/13 19:45:01
/opt/www/101camp/TM/tm/cron4trig2tm.sh: line 44: inv: command not found
###::end@ 2020/05/13 19:45:09
^^^^^^^^^^^^^^^^^^^^^^^^^^^^^^^^^^^^^^^^^^^^^^^^

~~~~~~~~~~~~~~~~~~~~~~~~~~~~~~~~~~~~~~~~~~~~~~~~
###::cron4trig2tm.sh v.200211.1942 Hooks log 4 auto deploy tm.101.camp
###::run@ 2020/05/13 20:00:01
/opt/www/101camp/TM/tm/cron4trig2tm.sh: line 44: inv: command not found
###::end@ 2020/05/13 20:00:10
^^^^^^^^^^^^^^^^^^^^^^^^^^^^^^^^^^^^^^^^^^^^^^^^

~~~~~~~~~~~~~~~~~~~~~~~~~~~~~~~~~~~~~~~~~~~~~~~~
###::cron4trig2tm.sh v.200211.1942 Hooks log 4 auto deploy tm.101.camp
###::run@ 2020/05/13 20:15:01
/opt/www/101camp/TM/tm/cron4trig2tm.sh: line 44: inv: command not found
###::end@ 2020/05/13 20:15:09
^^^^^^^^^^^^^^^^^^^^^^^^^^^^^^^^^^^^^^^^^^^^^^^^

~~~~~~~~~~~~~~~~~~~~~~~~~~~~~~~~~~~~~~~~~~~~~~~~
###::cron4trig2tm.sh v.200211.1942 Hooks log 4 auto deploy tm.101.camp
###::run@ 2020/05/13 20:30:01
/opt/www/101camp/TM/tm/cron4trig2tm.sh: line 44: inv: command not found
###::end@ 2020/05/13 20:30:13
^^^^^^^^^^^^^^^^^^^^^^^^^^^^^^^^^^^^^^^^^^^^^^^^

~~~~~~~~~~~~~~~~~~~~~~~~~~~~~~~~~~~~~~~~~~~~~~~~
###::cron4trig2tm.sh v.200211.1942 Hooks log 4 auto deploy tm.101.camp
###::run@ 2020/05/13 20:45:02
/opt/www/101camp/TM/tm/cron4trig2tm.sh: line 44: inv: command not found
