~~~~~~~~~~~~~~~~~~~~~~~~~~~~~~~~~~~~~~~~~~~~~~~~
###::cron4trig2tm.sh v.200211.1942 Hooks log 4 auto deploy tm.101.camp
###::run@ 2020/03/09 08:00:01
/opt/www/101camp/TM/tm/cron4trig2tm.sh: line 44: inv: command not found
###::end@ 2020/03/09 08:00:08
^^^^^^^^^^^^^^^^^^^^^^^^^^^^^^^^^^^^^^^^^^^^^^^^

~~~~~~~~~~~~~~~~~~~~~~~~~~~~~~~~~~~~~~~~~~~~~~~~
###::cron4trig2tm.sh v.200211.1942 Hooks log 4 auto deploy tm.101.camp
###::run@ 2020/03/09 08:15:01
/opt/www/101camp/TM/tm/cron4trig2tm.sh: line 44: inv: command not found
###::end@ 2020/03/09 08:15:08
^^^^^^^^^^^^^^^^^^^^^^^^^^^^^^^^^^^^^^^^^^^^^^^^

~~~~~~~~~~~~~~~~~~~~~~~~~~~~~~~~~~~~~~~~~~~~~~~~
###::cron4trig2tm.sh v.200211.1942 Hooks log 4 auto deploy tm.101.camp
###::run@ 2020/03/09 08:30:02
/opt/www/101camp/TM/tm/cron4trig2tm.sh: line 44: inv: command not found
###::end@ 2020/03/09 08:30:08
^^^^^^^^^^^^^^^^^^^^^^^^^^^^^^^^^^^^^^^^^^^^^^^^

~~~~~~~~~~~~~~~~~~~~~~~~~~~~~~~~~~~~~~~~~~~~~~~~
###::cron4trig2tm.sh v.200211.1942 Hooks log 4 auto deploy tm.101.camp
###::run@ 2020/03/09 08:45:01
/opt/www/101camp/TM/tm/cron4trig2tm.sh: line 44: inv: command not found
###::end@ 2020/03/09 08:45:07
^^^^^^^^^^^^^^^^^^^^^^^^^^^^^^^^^^^^^^^^^^^^^^^^

~~~~~~~~~~~~~~~~~~~~~~~~~~~~~~~~~~~~~~~~~~~~~~~~
###::cron4trig2tm.sh v.200211.1942 Hooks log 4 auto deploy tm.101.camp
###::run@ 2020/03/09 09:00:01
/opt/www/101camp/TM/tm/cron4trig2tm.sh: line 44: inv: command not found
###::end@ 2020/03/09 09:00:07
^^^^^^^^^^^^^^^^^^^^^^^^^^^^^^^^^^^^^^^^^^^^^^^^

~~~~~~~~~~~~~~~~~~~~~~~~~~~~~~~~~~~~~~~~~~~~~~~~
###::cron4trig2tm.sh v.200211.1942 Hooks log 4 auto deploy tm.101.camp
###::run@ 2020/03/09 09:15:02
/opt/www/101camp/TM/tm/cron4trig2tm.sh: line 44: inv: command not found
###::end@ 2020/03/09 09:15:08
^^^^^^^^^^^^^^^^^^^^^^^^^^^^^^^^^^^^^^^^^^^^^^^^

~~~~~~~~~~~~~~~~~~~~~~~~~~~~~~~~~~~~~~~~~~~~~~~~
###::cron4trig2tm.sh v.200211.1942 Hooks log 4 auto deploy tm.101.camp
###::run@ 2020/03/09 09:30:01
/opt/www/101camp/TM/tm/cron4trig2tm.sh: line 44: inv: command not found
###::end@ 2020/03/09 09:30:08
^^^^^^^^^^^^^^^^^^^^^^^^^^^^^^^^^^^^^^^^^^^^^^^^

~~~~~~~~~~~~~~~~~~~~~~~~~~~~~~~~~~~~~~~~~~~~~~~~
###::cron4trig2tm.sh v.200211.1942 Hooks log 4 auto deploy tm.101.camp
###::run@ 2020/03/09 09:45:01
/opt/www/101camp/TM/tm/cron4trig2tm.sh: line 44: inv: command not found
###::end@ 2020/03/09 09:45:08
^^^^^^^^^^^^^^^^^^^^^^^^^^^^^^^^^^^^^^^^^^^^^^^^

~~~~~~~~~~~~~~~~~~~~~~~~~~~~~~~~~~~~~~~~~~~~~~~~
###::cron4trig2tm.sh v.200211.1942 Hooks log 4 auto deploy tm.101.camp
###::run@ 2020/03/09 10:00:01
/opt/www/101camp/TM/tm/cron4trig2tm.sh: line 44: inv: command not found
###::end@ 2020/03/09 10:00:08
^^^^^^^^^^^^^^^^^^^^^^^^^^^^^^^^^^^^^^^^^^^^^^^^

~~~~~~~~~~~~~~~~~~~~~~~~~~~~~~~~~~~~~~~~~~~~~~~~
###::cron4trig2tm.sh v.200211.1942 Hooks log 4 auto deploy tm.101.camp
###::run@ 2020/03/09 10:15:01
/opt/www/101camp/TM/tm/cron4trig2tm.sh: line 44: inv: command not found
###::end@ 2020/03/09 10:15:07
^^^^^^^^^^^^^^^^^^^^^^^^^^^^^^^^^^^^^^^^^^^^^^^^

~~~~~~~~~~~~~~~~~~~~~~~~~~~~~~~~~~~~~~~~~~~~~~~~
###::cron4trig2tm.sh v.200211.1942 Hooks log 4 auto deploy tm.101.camp
###::run@ 2020/03/09 10:30:02
/opt/www/101camp/TM/tm/cron4trig2tm.sh: line 44: inv: command not found
###::end@ 2020/03/09 10:30:08
^^^^^^^^^^^^^^^^^^^^^^^^^^^^^^^^^^^^^^^^^^^^^^^^

~~~~~~~~~~~~~~~~~~~~~~~~~~~~~~~~~~~~~~~~~~~~~~~~
###::cron4trig2tm.sh v.200211.1942 Hooks log 4 auto deploy tm.101.camp
###::run@ 2020/03/09 10:45:01
/opt/www/101camp/TM/tm/cron4trig2tm.sh: line 44: inv: command not found
###::end@ 2020/03/09 10:45:07
^^^^^^^^^^^^^^^^^^^^^^^^^^^^^^^^^^^^^^^^^^^^^^^^

~~~~~~~~~~~~~~~~~~~~~~~~~~~~~~~~~~~~~~~~~~~~~~~~
###::cron4trig2tm.sh v.200211.1942 Hooks log 4 auto deploy tm.101.camp
###::run@ 2020/03/09 11:00:01
/opt/www/101camp/TM/tm/cron4trig2tm.sh: line 44: inv: command not found
###::end@ 2020/03/09 11:00:08
^^^^^^^^^^^^^^^^^^^^^^^^^^^^^^^^^^^^^^^^^^^^^^^^

~~~~~~~~~~~~~~~~~~~~~~~~~~~~~~~~~~~~~~~~~~~~~~~~
###::cron4trig2tm.sh v.200211.1942 Hooks log 4 auto deploy tm.101.camp
###::run@ 2020/03/09 11:15:01
/opt/www/101camp/TM/tm/cron4trig2tm.sh: line 44: inv: command not found
###::end@ 2020/03/09 11:15:07
^^^^^^^^^^^^^^^^^^^^^^^^^^^^^^^^^^^^^^^^^^^^^^^^

~~~~~~~~~~~~~~~~~~~~~~~~~~~~~~~~~~~~~~~~~~~~~~~~
###::cron4trig2tm.sh v.200211.1942 Hooks log 4 auto deploy tm.101.camp
###::run@ 2020/03/09 11:30:01
/opt/www/101camp/TM/tm/cron4trig2tm.sh: line 44: inv: command not found
###::end@ 2020/03/09 11:30:09
^^^^^^^^^^^^^^^^^^^^^^^^^^^^^^^^^^^^^^^^^^^^^^^^

~~~~~~~~~~~~~~~~~~~~~~~~~~~~~~~~~~~~~~~~~~~~~~~~
###::cron4trig2tm.sh v.200211.1942 Hooks log 4 auto deploy tm.101.camp
###::run@ 2020/03/09 11:45:01
/opt/www/101camp/TM/tm/cron4trig2tm.sh: line 44: inv: command not found
###::end@ 2020/03/09 11:45:08
^^^^^^^^^^^^^^^^^^^^^^^^^^^^^^^^^^^^^^^^^^^^^^^^

~~~~~~~~~~~~~~~~~~~~~~~~~~~~~~~~~~~~~~~~~~~~~~~~
###::cron4trig2tm.sh v.200211.1942 Hooks log 4 auto deploy tm.101.camp
###::run@ 2020/03/09 12:00:01
/opt/www/101camp/TM/tm/cron4trig2tm.sh: line 44: inv: command not found
###::end@ 2020/03/09 12:00:07
^^^^^^^^^^^^^^^^^^^^^^^^^^^^^^^^^^^^^^^^^^^^^^^^

~~~~~~~~~~~~~~~~~~~~~~~~~~~~~~~~~~~~~~~~~~~~~~~~
###::cron4trig2tm.sh v.200211.1942 Hooks log 4 auto deploy tm.101.camp
###::run@ 2020/03/09 12:15:01
/opt/www/101camp/TM/tm/cron4trig2tm.sh: line 44: inv: command not found
###::end@ 2020/03/09 12:15:08
^^^^^^^^^^^^^^^^^^^^^^^^^^^^^^^^^^^^^^^^^^^^^^^^

~~~~~~~~~~~~~~~~~~~~~~~~~~~~~~~~~~~~~~~~~~~~~~~~
###::cron4trig2tm.sh v.200211.1942 Hooks log 4 auto deploy tm.101.camp
###::run@ 2020/03/09 12:30:01
/opt/www/101camp/TM/tm/cron4trig2tm.sh: line 44: inv: command not found
###::end@ 2020/03/09 12:30:08
^^^^^^^^^^^^^^^^^^^^^^^^^^^^^^^^^^^^^^^^^^^^^^^^

~~~~~~~~~~~~~~~~~~~~~~~~~~~~~~~~~~~~~~~~~~~~~~~~
###::cron4trig2tm.sh v.200211.1942 Hooks log 4 auto deploy tm.101.camp
###::run@ 2020/03/09 12:45:01
/opt/www/101camp/TM/tm/cron4trig2tm.sh: line 44: inv: command not found
###::end@ 2020/03/09 12:45:07
^^^^^^^^^^^^^^^^^^^^^^^^^^^^^^^^^^^^^^^^^^^^^^^^

~~~~~~~~~~~~~~~~~~~~~~~~~~~~~~~~~~~~~~~~~~~~~~~~
###::cron4trig2tm.sh v.200211.1942 Hooks log 4 auto deploy tm.101.camp
###::run@ 2020/03/09 13:00:01
/opt/www/101camp/TM/tm/cron4trig2tm.sh: line 44: inv: command not found
###::end@ 2020/03/09 13:00:10
^^^^^^^^^^^^^^^^^^^^^^^^^^^^^^^^^^^^^^^^^^^^^^^^

~~~~~~~~~~~~~~~~~~~~~~~~~~~~~~~~~~~~~~~~~~~~~~~~
###::cron4trig2tm.sh v.200211.1942 Hooks log 4 auto deploy tm.101.camp
###::run@ 2020/03/09 13:15:01
/opt/www/101camp/TM/tm/cron4trig2tm.sh: line 44: inv: command not found
###::end@ 2020/03/09 13:15:08
^^^^^^^^^^^^^^^^^^^^^^^^^^^^^^^^^^^^^^^^^^^^^^^^

~~~~~~~~~~~~~~~~~~~~~~~~~~~~~~~~~~~~~~~~~~~~~~~~
###::cron4trig2tm.sh v.200211.1942 Hooks log 4 auto deploy tm.101.camp
###::run@ 2020/03/09 13:30:01
/opt/www/101camp/TM/tm/cron4trig2tm.sh: line 44: inv: command not found
###::end@ 2020/03/09 13:30:08
^^^^^^^^^^^^^^^^^^^^^^^^^^^^^^^^^^^^^^^^^^^^^^^^

~~~~~~~~~~~~~~~~~~~~~~~~~~~~~~~~~~~~~~~~~~~~~~~~
###::cron4trig2tm.sh v.200211.1942 Hooks log 4 auto deploy tm.101.camp
###::run@ 2020/03/09 13:45:01
/opt/www/101camp/TM/tm/cron4trig2tm.sh: line 44: inv: command not found
###::end@ 2020/03/09 13:45:10
^^^^^^^^^^^^^^^^^^^^^^^^^^^^^^^^^^^^^^^^^^^^^^^^

~~~~~~~~~~~~~~~~~~~~~~~~~~~~~~~~~~~~~~~~~~~~~~~~
###::cron4trig2tm.sh v.200211.1942 Hooks log 4 auto deploy tm.101.camp
###::run@ 2020/03/09 14:00:02
/opt/www/101camp/TM/tm/cron4trig2tm.sh: line 44: inv: command not found
###::end@ 2020/03/09 14:00:09
^^^^^^^^^^^^^^^^^^^^^^^^^^^^^^^^^^^^^^^^^^^^^^^^

~~~~~~~~~~~~~~~~~~~~~~~~~~~~~~~~~~~~~~~~~~~~~~~~
###::cron4trig2tm.sh v.200211.1942 Hooks log 4 auto deploy tm.101.camp
###::run@ 2020/03/09 14:15:01
/opt/www/101camp/TM/tm/cron4trig2tm.sh: line 44: inv: command not found
###::end@ 2020/03/09 14:15:08
^^^^^^^^^^^^^^^^^^^^^^^^^^^^^^^^^^^^^^^^^^^^^^^^

~~~~~~~~~~~~~~~~~~~~~~~~~~~~~~~~~~~~~~~~~~~~~~~~
###::cron4trig2tm.sh v.200211.1942 Hooks log 4 auto deploy tm.101.camp
###::run@ 2020/03/09 14:30:01
/opt/www/101camp/TM/tm/cron4trig2tm.sh: line 44: inv: command not found
###::end@ 2020/03/09 14:30:08
^^^^^^^^^^^^^^^^^^^^^^^^^^^^^^^^^^^^^^^^^^^^^^^^

~~~~~~~~~~~~~~~~~~~~~~~~~~~~~~~~~~~~~~~~~~~~~~~~
###::cron4trig2tm.sh v.200211.1942 Hooks log 4 auto deploy tm.101.camp
###::run@ 2020/03/09 14:45:01
/opt/www/101camp/TM/tm/cron4trig2tm.sh: line 44: inv: command not found
###::end@ 2020/03/09 14:45:09
^^^^^^^^^^^^^^^^^^^^^^^^^^^^^^^^^^^^^^^^^^^^^^^^

~~~~~~~~~~~~~~~~~~~~~~~~~~~~~~~~~~~~~~~~~~~~~~~~
###::cron4trig2tm.sh v.200211.1942 Hooks log 4 auto deploy tm.101.camp
###::run@ 2020/03/09 15:00:01
/opt/www/101camp/TM/tm/cron4trig2tm.sh: line 44: inv: command not found
###::end@ 2020/03/09 15:00:08
^^^^^^^^^^^^^^^^^^^^^^^^^^^^^^^^^^^^^^^^^^^^^^^^

~~~~~~~~~~~~~~~~~~~~~~~~~~~~~~~~~~~~~~~~~~~~~~~~
###::cron4trig2tm.sh v.200211.1942 Hooks log 4 auto deploy tm.101.camp
###::run@ 2020/03/09 15:15:01
/opt/www/101camp/TM/tm/cron4trig2tm.sh: line 44: inv: command not found
###::end@ 2020/03/09 15:15:09
^^^^^^^^^^^^^^^^^^^^^^^^^^^^^^^^^^^^^^^^^^^^^^^^

~~~~~~~~~~~~~~~~~~~~~~~~~~~~~~~~~~~~~~~~~~~~~~~~
###::cron4trig2tm.sh v.200211.1942 Hooks log 4 auto deploy tm.101.camp
###::run@ 2020/03/09 15:30:01
/opt/www/101camp/TM/tm/cron4trig2tm.sh: line 44: inv: command not found
###::end@ 2020/03/09 15:30:09
^^^^^^^^^^^^^^^^^^^^^^^^^^^^^^^^^^^^^^^^^^^^^^^^

~~~~~~~~~~~~~~~~~~~~~~~~~~~~~~~~~~~~~~~~~~~~~~~~
###::cron4trig2tm.sh v.200211.1942 Hooks log 4 auto deploy tm.101.camp
###::run@ 2020/03/09 15:45:01
/opt/www/101camp/TM/tm/cron4trig2tm.sh: line 44: inv: command not found
###::end@ 2020/03/09 15:45:08
^^^^^^^^^^^^^^^^^^^^^^^^^^^^^^^^^^^^^^^^^^^^^^^^

~~~~~~~~~~~~~~~~~~~~~~~~~~~~~~~~~~~~~~~~~~~~~~~~
###::cron4trig2tm.sh v.200211.1942 Hooks log 4 auto deploy tm.101.camp
###::run@ 2020/03/09 16:00:01
/opt/www/101camp/TM/tm/cron4trig2tm.sh: line 44: inv: command not found
###::end@ 2020/03/09 16:00:09
^^^^^^^^^^^^^^^^^^^^^^^^^^^^^^^^^^^^^^^^^^^^^^^^

~~~~~~~~~~~~~~~~~~~~~~~~~~~~~~~~~~~~~~~~~~~~~~~~
###::cron4trig2tm.sh v.200211.1942 Hooks log 4 auto deploy tm.101.camp
###::run@ 2020/03/09 16:15:01
/opt/www/101camp/TM/tm/cron4trig2tm.sh: line 44: inv: command not found
###::end@ 2020/03/09 16:15:07
^^^^^^^^^^^^^^^^^^^^^^^^^^^^^^^^^^^^^^^^^^^^^^^^

~~~~~~~~~~~~~~~~~~~~~~~~~~~~~~~~~~~~~~~~~~~~~~~~
###::cron4trig2tm.sh v.200211.1942 Hooks log 4 auto deploy tm.101.camp
###::run@ 2020/03/09 16:30:01
/opt/www/101camp/TM/tm/cron4trig2tm.sh: line 44: inv: command not found
###::end@ 2020/03/09 16:30:08
^^^^^^^^^^^^^^^^^^^^^^^^^^^^^^^^^^^^^^^^^^^^^^^^

~~~~~~~~~~~~~~~~~~~~~~~~~~~~~~~~~~~~~~~~~~~~~~~~
###::cron4trig2tm.sh v.200211.1942 Hooks log 4 auto deploy tm.101.camp
###::run@ 2020/03/09 16:45:01
/opt/www/101camp/TM/tm/cron4trig2tm.sh: line 44: inv: command not found
###::end@ 2020/03/09 16:45:08
^^^^^^^^^^^^^^^^^^^^^^^^^^^^^^^^^^^^^^^^^^^^^^^^

~~~~~~~~~~~~~~~~~~~~~~~~~~~~~~~~~~~~~~~~~~~~~~~~
###::cron4trig2tm.sh v.200211.1942 Hooks log 4 auto deploy tm.101.camp
###::run@ 2020/03/09 17:00:01
/opt/www/101camp/TM/tm/cron4trig2tm.sh: line 44: inv: command not found
###::end@ 2020/03/09 17:00:08
^^^^^^^^^^^^^^^^^^^^^^^^^^^^^^^^^^^^^^^^^^^^^^^^

~~~~~~~~~~~~~~~~~~~~~~~~~~~~~~~~~~~~~~~~~~~~~~~~
###::cron4trig2tm.sh v.200211.1942 Hooks log 4 auto deploy tm.101.camp
###::run@ 2020/03/09 17:15:01
/opt/www/101camp/TM/tm/cron4trig2tm.sh: line 44: inv: command not found
###::end@ 2020/03/09 17:15:08
^^^^^^^^^^^^^^^^^^^^^^^^^^^^^^^^^^^^^^^^^^^^^^^^

~~~~~~~~~~~~~~~~~~~~~~~~~~~~~~~~~~~~~~~~~~~~~~~~
###::cron4trig2tm.sh v.200211.1942 Hooks log 4 auto deploy tm.101.camp
###::run@ 2020/03/09 17:30:01
/opt/www/101camp/TM/tm/cron4trig2tm.sh: line 44: inv: command not found
###::end@ 2020/03/09 17:30:08
^^^^^^^^^^^^^^^^^^^^^^^^^^^^^^^^^^^^^^^^^^^^^^^^

~~~~~~~~~~~~~~~~~~~~~~~~~~~~~~~~~~~~~~~~~~~~~~~~
###::cron4trig2tm.sh v.200211.1942 Hooks log 4 auto deploy tm.101.camp
###::run@ 2020/03/09 17:45:01
/opt/www/101camp/TM/tm/cron4trig2tm.sh: line 44: inv: command not found
###::end@ 2020/03/09 17:45:08
^^^^^^^^^^^^^^^^^^^^^^^^^^^^^^^^^^^^^^^^^^^^^^^^

~~~~~~~~~~~~~~~~~~~~~~~~~~~~~~~~~~~~~~~~~~~~~~~~
###::cron4trig2tm.sh v.200211.1942 Hooks log 4 auto deploy tm.101.camp
###::run@ 2020/03/09 18:00:01
/opt/www/101camp/TM/tm/cron4trig2tm.sh: line 44: inv: command not found
###::end@ 2020/03/09 18:00:09
^^^^^^^^^^^^^^^^^^^^^^^^^^^^^^^^^^^^^^^^^^^^^^^^

~~~~~~~~~~~~~~~~~~~~~~~~~~~~~~~~~~~~~~~~~~~~~~~~
###::cron4trig2tm.sh v.200211.1942 Hooks log 4 auto deploy tm.101.camp
###::run@ 2020/03/09 18:15:01
/opt/www/101camp/TM/tm/cron4trig2tm.sh: line 44: inv: command not found
###::end@ 2020/03/09 18:15:08
^^^^^^^^^^^^^^^^^^^^^^^^^^^^^^^^^^^^^^^^^^^^^^^^

~~~~~~~~~~~~~~~~~~~~~~~~~~~~~~~~~~~~~~~~~~~~~~~~
###::cron4trig2tm.sh v.200211.1942 Hooks log 4 auto deploy tm.101.camp
###::run@ 2020/03/09 18:30:01
/opt/www/101camp/TM/tm/cron4trig2tm.sh: line 44: inv: command not found
###::end@ 2020/03/09 18:30:08
^^^^^^^^^^^^^^^^^^^^^^^^^^^^^^^^^^^^^^^^^^^^^^^^

~~~~~~~~~~~~~~~~~~~~~~~~~~~~~~~~~~~~~~~~~~~~~~~~
###::cron4trig2tm.sh v.200211.1942 Hooks log 4 auto deploy tm.101.camp
###::run@ 2020/03/09 18:45:01
/opt/www/101camp/TM/tm/cron4trig2tm.sh: line 44: inv: command not found
###::end@ 2020/03/09 18:45:08
^^^^^^^^^^^^^^^^^^^^^^^^^^^^^^^^^^^^^^^^^^^^^^^^

~~~~~~~~~~~~~~~~~~~~~~~~~~~~~~~~~~~~~~~~~~~~~~~~
###::cron4trig2tm.sh v.200211.1942 Hooks log 4 auto deploy tm.101.camp
###::run@ 2020/03/09 19:00:02
/opt/www/101camp/TM/tm/cron4trig2tm.sh: line 44: inv: command not found
###::end@ 2020/03/09 19:00:10
^^^^^^^^^^^^^^^^^^^^^^^^^^^^^^^^^^^^^^^^^^^^^^^^

~~~~~~~~~~~~~~~~~~~~~~~~~~~~~~~~~~~~~~~~~~~~~~~~
###::cron4trig2tm.sh v.200211.1942 Hooks log 4 auto deploy tm.101.camp
###::run@ 2020/03/09 19:15:01
/opt/www/101camp/TM/tm/cron4trig2tm.sh: line 44: inv: command not found
###::end@ 2020/03/09 19:15:08
^^^^^^^^^^^^^^^^^^^^^^^^^^^^^^^^^^^^^^^^^^^^^^^^

~~~~~~~~~~~~~~~~~~~~~~~~~~~~~~~~~~~~~~~~~~~~~~~~
###::cron4trig2tm.sh v.200211.1942 Hooks log 4 auto deploy tm.101.camp
###::run@ 2020/03/09 19:30:01
/opt/www/101camp/TM/tm/cron4trig2tm.sh: line 44: inv: command not found
###::end@ 2020/03/09 19:30:08
^^^^^^^^^^^^^^^^^^^^^^^^^^^^^^^^^^^^^^^^^^^^^^^^

~~~~~~~~~~~~~~~~~~~~~~~~~~~~~~~~~~~~~~~~~~~~~~~~
###::cron4trig2tm.sh v.200211.1942 Hooks log 4 auto deploy tm.101.camp
###::run@ 2020/03/09 19:45:01
/opt/www/101camp/TM/tm/cron4trig2tm.sh: line 44: inv: command not found
###::end@ 2020/03/09 19:45:08
^^^^^^^^^^^^^^^^^^^^^^^^^^^^^^^^^^^^^^^^^^^^^^^^

~~~~~~~~~~~~~~~~~~~~~~~~~~~~~~~~~~~~~~~~~~~~~~~~
###::cron4trig2tm.sh v.200211.1942 Hooks log 4 auto deploy tm.101.camp
###::run@ 2020/03/09 20:00:01
/opt/www/101camp/TM/tm/cron4trig2tm.sh: line 44: inv: command not found
###::end@ 2020/03/09 20:00:08
^^^^^^^^^^^^^^^^^^^^^^^^^^^^^^^^^^^^^^^^^^^^^^^^

~~~~~~~~~~~~~~~~~~~~~~~~~~~~~~~~~~~~~~~~~~~~~~~~
###::cron4trig2tm.sh v.200211.1942 Hooks log 4 auto deploy tm.101.camp
###::run@ 2020/03/09 20:15:01
/opt/www/101camp/TM/tm/cron4trig2tm.sh: line 44: inv: command not found
###::end@ 2020/03/09 20:15:10
^^^^^^^^^^^^^^^^^^^^^^^^^^^^^^^^^^^^^^^^^^^^^^^^

~~~~~~~~~~~~~~~~~~~~~~~~~~~~~~~~~~~~~~~~~~~~~~~~
###::cron4trig2tm.sh v.200211.1942 Hooks log 4 auto deploy tm.101.camp
###::run@ 2020/03/09 20:30:01
/opt/www/101camp/TM/tm/cron4trig2tm.sh: line 44: inv: command not found
###::end@ 2020/03/09 20:30:14
^^^^^^^^^^^^^^^^^^^^^^^^^^^^^^^^^^^^^^^^^^^^^^^^

~~~~~~~~~~~~~~~~~~~~~~~~~~~~~~~~~~~~~~~~~~~~~~~~
###::cron4trig2tm.sh v.200211.1942 Hooks log 4 auto deploy tm.101.camp
###::run@ 2020/03/09 20:45:01
/opt/www/101camp/TM/tm/cron4trig2tm.sh: line 44: inv: command not found
###::end@ 2020/03/09 20:45:10
^^^^^^^^^^^^^^^^^^^^^^^^^^^^^^^^^^^^^^^^^^^^^^^^

~~~~~~~~~~~~~~~~~~~~~~~~~~~~~~~~~~~~~~~~~~~~~~~~
###::cron4trig2tm.sh v.200211.1942 Hooks log 4 auto deploy tm.101.camp
###::run@ 2020/03/09 21:00:01
/opt/www/101camp/TM/tm/cron4trig2tm.sh: line 44: inv: command not found
###::end@ 2020/03/09 21:00:10
^^^^^^^^^^^^^^^^^^^^^^^^^^^^^^^^^^^^^^^^^^^^^^^^

~~~~~~~~~~~~~~~~~~~~~~~~~~~~~~~~~~~~~~~~~~~~~~~~
###::cron4trig2tm.sh v.200211.1942 Hooks log 4 auto deploy tm.101.camp
###::run@ 2020/03/09 21:15:01
/opt/www/101camp/TM/tm/cron4trig2tm.sh: line 44: inv: command not found
