~~~~~~~~~~~~~~~~~~~~~~~~~~~~~~~~~~~~~~~~~~~~~~~~
###::cron4trig2tm.sh v.200211.1942 Hooks log 4 auto deploy tm.101.camp
###::run@ 2021/03/04 08:00:01
/opt/www/101camp/TM/tm/cron4trig2tm.sh: line 44: inv: command not found
###::end@ 2021/03/04 08:00:14
^^^^^^^^^^^^^^^^^^^^^^^^^^^^^^^^^^^^^^^^^^^^^^^^

~~~~~~~~~~~~~~~~~~~~~~~~~~~~~~~~~~~~~~~~~~~~~~~~
###::cron4trig2tm.sh v.200211.1942 Hooks log 4 auto deploy tm.101.camp
###::run@ 2021/03/04 08:15:01
/opt/www/101camp/TM/tm/cron4trig2tm.sh: line 44: inv: command not found
###::end@ 2021/03/04 08:15:20
^^^^^^^^^^^^^^^^^^^^^^^^^^^^^^^^^^^^^^^^^^^^^^^^

~~~~~~~~~~~~~~~~~~~~~~~~~~~~~~~~~~~~~~~~~~~~~~~~
###::cron4trig2tm.sh v.200211.1942 Hooks log 4 auto deploy tm.101.camp
###::run@ 2021/03/04 08:30:01
/opt/www/101camp/TM/tm/cron4trig2tm.sh: line 44: inv: command not found
###::end@ 2021/03/04 08:30:12
^^^^^^^^^^^^^^^^^^^^^^^^^^^^^^^^^^^^^^^^^^^^^^^^

~~~~~~~~~~~~~~~~~~~~~~~~~~~~~~~~~~~~~~~~~~~~~~~~
###::cron4trig2tm.sh v.200211.1942 Hooks log 4 auto deploy tm.101.camp
###::run@ 2021/03/04 08:45:01
/opt/www/101camp/TM/tm/cron4trig2tm.sh: line 44: inv: command not found
###::end@ 2021/03/04 08:45:14
^^^^^^^^^^^^^^^^^^^^^^^^^^^^^^^^^^^^^^^^^^^^^^^^

~~~~~~~~~~~~~~~~~~~~~~~~~~~~~~~~~~~~~~~~~~~~~~~~
###::cron4trig2tm.sh v.200211.1942 Hooks log 4 auto deploy tm.101.camp
###::run@ 2021/03/04 09:00:01
/opt/www/101camp/TM/tm/cron4trig2tm.sh: line 44: inv: command not found
###::end@ 2021/03/04 09:00:11
^^^^^^^^^^^^^^^^^^^^^^^^^^^^^^^^^^^^^^^^^^^^^^^^

~~~~~~~~~~~~~~~~~~~~~~~~~~~~~~~~~~~~~~~~~~~~~~~~
###::cron4trig2tm.sh v.200211.1942 Hooks log 4 auto deploy tm.101.camp
###::run@ 2021/03/04 09:15:01
/opt/www/101camp/TM/tm/cron4trig2tm.sh: line 44: inv: command not found
###::end@ 2021/03/04 09:15:11
^^^^^^^^^^^^^^^^^^^^^^^^^^^^^^^^^^^^^^^^^^^^^^^^

~~~~~~~~~~~~~~~~~~~~~~~~~~~~~~~~~~~~~~~~~~~~~~~~
###::cron4trig2tm.sh v.200211.1942 Hooks log 4 auto deploy tm.101.camp
###::run@ 2021/03/04 09:30:01
/opt/www/101camp/TM/tm/cron4trig2tm.sh: line 44: inv: command not found
###::end@ 2021/03/04 09:30:11
^^^^^^^^^^^^^^^^^^^^^^^^^^^^^^^^^^^^^^^^^^^^^^^^

~~~~~~~~~~~~~~~~~~~~~~~~~~~~~~~~~~~~~~~~~~~~~~~~
###::cron4trig2tm.sh v.200211.1942 Hooks log 4 auto deploy tm.101.camp
###::run@ 2021/03/04 09:45:01
/opt/www/101camp/TM/tm/cron4trig2tm.sh: line 44: inv: command not found
###::end@ 2021/03/04 09:45:17
^^^^^^^^^^^^^^^^^^^^^^^^^^^^^^^^^^^^^^^^^^^^^^^^

~~~~~~~~~~~~~~~~~~~~~~~~~~~~~~~~~~~~~~~~~~~~~~~~
###::cron4trig2tm.sh v.200211.1942 Hooks log 4 auto deploy tm.101.camp
###::run@ 2021/03/04 10:00:01
/opt/www/101camp/TM/tm/cron4trig2tm.sh: line 44: inv: command not found
###::end@ 2021/03/04 10:00:14
^^^^^^^^^^^^^^^^^^^^^^^^^^^^^^^^^^^^^^^^^^^^^^^^

~~~~~~~~~~~~~~~~~~~~~~~~~~~~~~~~~~~~~~~~~~~~~~~~
###::cron4trig2tm.sh v.200211.1942 Hooks log 4 auto deploy tm.101.camp
###::run@ 2021/03/04 10:15:01
/opt/www/101camp/TM/tm/cron4trig2tm.sh: line 44: inv: command not found
###::end@ 2021/03/04 10:15:11
^^^^^^^^^^^^^^^^^^^^^^^^^^^^^^^^^^^^^^^^^^^^^^^^

~~~~~~~~~~~~~~~~~~~~~~~~~~~~~~~~~~~~~~~~~~~~~~~~
###::cron4trig2tm.sh v.200211.1942 Hooks log 4 auto deploy tm.101.camp
###::run@ 2021/03/04 10:30:01
/opt/www/101camp/TM/tm/cron4trig2tm.sh: line 44: inv: command not found
###::end@ 2021/03/04 10:30:13
^^^^^^^^^^^^^^^^^^^^^^^^^^^^^^^^^^^^^^^^^^^^^^^^

~~~~~~~~~~~~~~~~~~~~~~~~~~~~~~~~~~~~~~~~~~~~~~~~
###::cron4trig2tm.sh v.200211.1942 Hooks log 4 auto deploy tm.101.camp
###::run@ 2021/03/04 10:45:01
/opt/www/101camp/TM/tm/cron4trig2tm.sh: line 44: inv: command not found
###::end@ 2021/03/04 10:45:12
^^^^^^^^^^^^^^^^^^^^^^^^^^^^^^^^^^^^^^^^^^^^^^^^

~~~~~~~~~~~~~~~~~~~~~~~~~~~~~~~~~~~~~~~~~~~~~~~~
###::cron4trig2tm.sh v.200211.1942 Hooks log 4 auto deploy tm.101.camp
###::run@ 2021/03/04 11:00:01
/opt/www/101camp/TM/tm/cron4trig2tm.sh: line 44: inv: command not found
###::end@ 2021/03/04 11:00:13
^^^^^^^^^^^^^^^^^^^^^^^^^^^^^^^^^^^^^^^^^^^^^^^^

~~~~~~~~~~~~~~~~~~~~~~~~~~~~~~~~~~~~~~~~~~~~~~~~
###::cron4trig2tm.sh v.200211.1942 Hooks log 4 auto deploy tm.101.camp
###::run@ 2021/03/04 11:15:01
/opt/www/101camp/TM/tm/cron4trig2tm.sh: line 44: inv: command not found
###::end@ 2021/03/04 11:15:13
^^^^^^^^^^^^^^^^^^^^^^^^^^^^^^^^^^^^^^^^^^^^^^^^

~~~~~~~~~~~~~~~~~~~~~~~~~~~~~~~~~~~~~~~~~~~~~~~~
###::cron4trig2tm.sh v.200211.1942 Hooks log 4 auto deploy tm.101.camp
###::run@ 2021/03/04 11:30:01
/opt/www/101camp/TM/tm/cron4trig2tm.sh: line 44: inv: command not found
###::end@ 2021/03/04 11:30:11
^^^^^^^^^^^^^^^^^^^^^^^^^^^^^^^^^^^^^^^^^^^^^^^^

~~~~~~~~~~~~~~~~~~~~~~~~~~~~~~~~~~~~~~~~~~~~~~~~
###::cron4trig2tm.sh v.200211.1942 Hooks log 4 auto deploy tm.101.camp
###::run@ 2021/03/04 11:45:01
/opt/www/101camp/TM/tm/cron4trig2tm.sh: line 44: inv: command not found
###::end@ 2021/03/04 11:45:14
^^^^^^^^^^^^^^^^^^^^^^^^^^^^^^^^^^^^^^^^^^^^^^^^

~~~~~~~~~~~~~~~~~~~~~~~~~~~~~~~~~~~~~~~~~~~~~~~~
###::cron4trig2tm.sh v.200211.1942 Hooks log 4 auto deploy tm.101.camp
###::run@ 2021/03/04 12:00:01
/opt/www/101camp/TM/tm/cron4trig2tm.sh: line 44: inv: command not found
###::end@ 2021/03/04 12:00:12
^^^^^^^^^^^^^^^^^^^^^^^^^^^^^^^^^^^^^^^^^^^^^^^^

~~~~~~~~~~~~~~~~~~~~~~~~~~~~~~~~~~~~~~~~~~~~~~~~
###::cron4trig2tm.sh v.200211.1942 Hooks log 4 auto deploy tm.101.camp
###::run@ 2021/03/04 12:15:01
/opt/www/101camp/TM/tm/cron4trig2tm.sh: line 44: inv: command not found
###::end@ 2021/03/04 12:15:11
^^^^^^^^^^^^^^^^^^^^^^^^^^^^^^^^^^^^^^^^^^^^^^^^

~~~~~~~~~~~~~~~~~~~~~~~~~~~~~~~~~~~~~~~~~~~~~~~~
###::cron4trig2tm.sh v.200211.1942 Hooks log 4 auto deploy tm.101.camp
###::run@ 2021/03/04 12:30:01
/opt/www/101camp/TM/tm/cron4trig2tm.sh: line 44: inv: command not found
