~~~~~~~~~~~~~~~~~~~~~~~~~~~~~~~~~~~~~~~~~~~~~~~~
###::cron4trig2tm.sh v.200211.1942 Hooks log 4 auto deploy tm.101.camp
###::run@ 2021/03/07 08:00:01
/opt/www/101camp/TM/tm/cron4trig2tm.sh: line 44: inv: command not found
###::end@ 2021/03/07 08:00:10
^^^^^^^^^^^^^^^^^^^^^^^^^^^^^^^^^^^^^^^^^^^^^^^^

~~~~~~~~~~~~~~~~~~~~~~~~~~~~~~~~~~~~~~~~~~~~~~~~
###::cron4trig2tm.sh v.200211.1942 Hooks log 4 auto deploy tm.101.camp
###::run@ 2021/03/07 08:15:01
/opt/www/101camp/TM/tm/cron4trig2tm.sh: line 44: inv: command not found
###::end@ 2021/03/07 08:15:11
^^^^^^^^^^^^^^^^^^^^^^^^^^^^^^^^^^^^^^^^^^^^^^^^

~~~~~~~~~~~~~~~~~~~~~~~~~~~~~~~~~~~~~~~~~~~~~~~~
###::cron4trig2tm.sh v.200211.1942 Hooks log 4 auto deploy tm.101.camp
###::run@ 2021/03/07 08:30:01
/opt/www/101camp/TM/tm/cron4trig2tm.sh: line 44: inv: command not found
###::end@ 2021/03/07 08:30:10
^^^^^^^^^^^^^^^^^^^^^^^^^^^^^^^^^^^^^^^^^^^^^^^^

~~~~~~~~~~~~~~~~~~~~~~~~~~~~~~~~~~~~~~~~~~~~~~~~
###::cron4trig2tm.sh v.200211.1942 Hooks log 4 auto deploy tm.101.camp
###::run@ 2021/03/07 08:45:01
/opt/www/101camp/TM/tm/cron4trig2tm.sh: line 44: inv: command not found
###::end@ 2021/03/07 08:45:13
^^^^^^^^^^^^^^^^^^^^^^^^^^^^^^^^^^^^^^^^^^^^^^^^

~~~~~~~~~~~~~~~~~~~~~~~~~~~~~~~~~~~~~~~~~~~~~~~~
###::cron4trig2tm.sh v.200211.1942 Hooks log 4 auto deploy tm.101.camp
###::run@ 2021/03/07 09:00:01
/opt/www/101camp/TM/tm/cron4trig2tm.sh: line 44: inv: command not found
###::end@ 2021/03/07 09:00:11
^^^^^^^^^^^^^^^^^^^^^^^^^^^^^^^^^^^^^^^^^^^^^^^^

~~~~~~~~~~~~~~~~~~~~~~~~~~~~~~~~~~~~~~~~~~~~~~~~
###::cron4trig2tm.sh v.200211.1942 Hooks log 4 auto deploy tm.101.camp
###::run@ 2021/03/07 09:15:02
/opt/www/101camp/TM/tm/cron4trig2tm.sh: line 44: inv: command not found
###::end@ 2021/03/07 09:15:08
^^^^^^^^^^^^^^^^^^^^^^^^^^^^^^^^^^^^^^^^^^^^^^^^

~~~~~~~~~~~~~~~~~~~~~~~~~~~~~~~~~~~~~~~~~~~~~~~~
###::cron4trig2tm.sh v.200211.1942 Hooks log 4 auto deploy tm.101.camp
###::run@ 2021/03/07 09:30:01
/opt/www/101camp/TM/tm/cron4trig2tm.sh: line 44: inv: command not found
###::end@ 2021/03/07 09:30:09
^^^^^^^^^^^^^^^^^^^^^^^^^^^^^^^^^^^^^^^^^^^^^^^^

~~~~~~~~~~~~~~~~~~~~~~~~~~~~~~~~~~~~~~~~~~~~~~~~
###::cron4trig2tm.sh v.200211.1942 Hooks log 4 auto deploy tm.101.camp
###::run@ 2021/03/07 09:45:01
/opt/www/101camp/TM/tm/cron4trig2tm.sh: line 44: inv: command not found
###::end@ 2021/03/07 09:45:11
^^^^^^^^^^^^^^^^^^^^^^^^^^^^^^^^^^^^^^^^^^^^^^^^

~~~~~~~~~~~~~~~~~~~~~~~~~~~~~~~~~~~~~~~~~~~~~~~~
###::cron4trig2tm.sh v.200211.1942 Hooks log 4 auto deploy tm.101.camp
###::run@ 2021/03/07 10:00:01
/opt/www/101camp/TM/tm/cron4trig2tm.sh: line 44: inv: command not found
###::end@ 2021/03/07 10:00:17
^^^^^^^^^^^^^^^^^^^^^^^^^^^^^^^^^^^^^^^^^^^^^^^^

~~~~~~~~~~~~~~~~~~~~~~~~~~~~~~~~~~~~~~~~~~~~~~~~
###::cron4trig2tm.sh v.200211.1942 Hooks log 4 auto deploy tm.101.camp
###::run@ 2021/03/07 10:15:01
/opt/www/101camp/TM/tm/cron4trig2tm.sh: line 44: inv: command not found
###::end@ 2021/03/07 10:15:12
^^^^^^^^^^^^^^^^^^^^^^^^^^^^^^^^^^^^^^^^^^^^^^^^

~~~~~~~~~~~~~~~~~~~~~~~~~~~~~~~~~~~~~~~~~~~~~~~~
###::cron4trig2tm.sh v.200211.1942 Hooks log 4 auto deploy tm.101.camp
###::run@ 2021/03/07 10:30:01
/opt/www/101camp/TM/tm/cron4trig2tm.sh: line 44: inv: command not found
###::end@ 2021/03/07 10:30:09
^^^^^^^^^^^^^^^^^^^^^^^^^^^^^^^^^^^^^^^^^^^^^^^^

~~~~~~~~~~~~~~~~~~~~~~~~~~~~~~~~~~~~~~~~~~~~~~~~
###::cron4trig2tm.sh v.200211.1942 Hooks log 4 auto deploy tm.101.camp
###::run@ 2021/03/07 10:45:01
/opt/www/101camp/TM/tm/cron4trig2tm.sh: line 44: inv: command not found
###::end@ 2021/03/07 10:45:11
^^^^^^^^^^^^^^^^^^^^^^^^^^^^^^^^^^^^^^^^^^^^^^^^

~~~~~~~~~~~~~~~~~~~~~~~~~~~~~~~~~~~~~~~~~~~~~~~~
###::cron4trig2tm.sh v.200211.1942 Hooks log 4 auto deploy tm.101.camp
###::run@ 2021/03/07 11:00:01
/opt/www/101camp/TM/tm/cron4trig2tm.sh: line 44: inv: command not found
###::end@ 2021/03/07 11:00:13
^^^^^^^^^^^^^^^^^^^^^^^^^^^^^^^^^^^^^^^^^^^^^^^^

~~~~~~~~~~~~~~~~~~~~~~~~~~~~~~~~~~~~~~~~~~~~~~~~
###::cron4trig2tm.sh v.200211.1942 Hooks log 4 auto deploy tm.101.camp
###::run@ 2021/03/07 11:15:01
/opt/www/101camp/TM/tm/cron4trig2tm.sh: line 44: inv: command not found
###::end@ 2021/03/07 11:15:22
^^^^^^^^^^^^^^^^^^^^^^^^^^^^^^^^^^^^^^^^^^^^^^^^

~~~~~~~~~~~~~~~~~~~~~~~~~~~~~~~~~~~~~~~~~~~~~~~~
###::cron4trig2tm.sh v.200211.1942 Hooks log 4 auto deploy tm.101.camp
###::run@ 2021/03/07 11:30:01
/opt/www/101camp/TM/tm/cron4trig2tm.sh: line 44: inv: command not found
###::end@ 2021/03/07 11:30:10
^^^^^^^^^^^^^^^^^^^^^^^^^^^^^^^^^^^^^^^^^^^^^^^^

~~~~~~~~~~~~~~~~~~~~~~~~~~~~~~~~~~~~~~~~~~~~~~~~
###::cron4trig2tm.sh v.200211.1942 Hooks log 4 auto deploy tm.101.camp
###::run@ 2021/03/07 11:45:01
/opt/www/101camp/TM/tm/cron4trig2tm.sh: line 44: inv: command not found
###::end@ 2021/03/07 11:45:14
^^^^^^^^^^^^^^^^^^^^^^^^^^^^^^^^^^^^^^^^^^^^^^^^

~~~~~~~~~~~~~~~~~~~~~~~~~~~~~~~~~~~~~~~~~~~~~~~~
###::cron4trig2tm.sh v.200211.1942 Hooks log 4 auto deploy tm.101.camp
###::run@ 2021/03/07 12:00:02
/opt/www/101camp/TM/tm/cron4trig2tm.sh: line 44: inv: command not found
###::end@ 2021/03/07 12:00:11
^^^^^^^^^^^^^^^^^^^^^^^^^^^^^^^^^^^^^^^^^^^^^^^^

~~~~~~~~~~~~~~~~~~~~~~~~~~~~~~~~~~~~~~~~~~~~~~~~
###::cron4trig2tm.sh v.200211.1942 Hooks log 4 auto deploy tm.101.camp
###::run@ 2021/03/07 12:15:01
/opt/www/101camp/TM/tm/cron4trig2tm.sh: line 44: inv: command not found
###::end@ 2021/03/07 12:15:21
^^^^^^^^^^^^^^^^^^^^^^^^^^^^^^^^^^^^^^^^^^^^^^^^

~~~~~~~~~~~~~~~~~~~~~~~~~~~~~~~~~~~~~~~~~~~~~~~~
###::cron4trig2tm.sh v.200211.1942 Hooks log 4 auto deploy tm.101.camp
###::run@ 2021/03/07 12:30:01
/opt/www/101camp/TM/tm/cron4trig2tm.sh: line 44: inv: command not found
###::end@ 2021/03/07 12:30:20
^^^^^^^^^^^^^^^^^^^^^^^^^^^^^^^^^^^^^^^^^^^^^^^^

~~~~~~~~~~~~~~~~~~~~~~~~~~~~~~~~~~~~~~~~~~~~~~~~
###::cron4trig2tm.sh v.200211.1942 Hooks log 4 auto deploy tm.101.camp
###::run@ 2021/03/07 12:45:01
/opt/www/101camp/TM/tm/cron4trig2tm.sh: line 44: inv: command not found
###::end@ 2021/03/07 12:45:16
^^^^^^^^^^^^^^^^^^^^^^^^^^^^^^^^^^^^^^^^^^^^^^^^

~~~~~~~~~~~~~~~~~~~~~~~~~~~~~~~~~~~~~~~~~~~~~~~~
###::cron4trig2tm.sh v.200211.1942 Hooks log 4 auto deploy tm.101.camp
###::run@ 2021/03/07 13:00:01
/opt/www/101camp/TM/tm/cron4trig2tm.sh: line 44: inv: command not found
###::end@ 2021/03/07 13:00:11
^^^^^^^^^^^^^^^^^^^^^^^^^^^^^^^^^^^^^^^^^^^^^^^^

~~~~~~~~~~~~~~~~~~~~~~~~~~~~~~~~~~~~~~~~~~~~~~~~
###::cron4trig2tm.sh v.200211.1942 Hooks log 4 auto deploy tm.101.camp
###::run@ 2021/03/07 13:15:01
/opt/www/101camp/TM/tm/cron4trig2tm.sh: line 44: inv: command not found
###::end@ 2021/03/07 13:15:17
^^^^^^^^^^^^^^^^^^^^^^^^^^^^^^^^^^^^^^^^^^^^^^^^

~~~~~~~~~~~~~~~~~~~~~~~~~~~~~~~~~~~~~~~~~~~~~~~~
###::cron4trig2tm.sh v.200211.1942 Hooks log 4 auto deploy tm.101.camp
###::run@ 2021/03/07 13:30:01
/opt/www/101camp/TM/tm/cron4trig2tm.sh: line 44: inv: command not found
###::end@ 2021/03/07 13:30:11
^^^^^^^^^^^^^^^^^^^^^^^^^^^^^^^^^^^^^^^^^^^^^^^^

~~~~~~~~~~~~~~~~~~~~~~~~~~~~~~~~~~~~~~~~~~~~~~~~
###::cron4trig2tm.sh v.200211.1942 Hooks log 4 auto deploy tm.101.camp
###::run@ 2021/03/07 13:45:01
/opt/www/101camp/TM/tm/cron4trig2tm.sh: line 44: inv: command not found
###::end@ 2021/03/07 13:45:32
^^^^^^^^^^^^^^^^^^^^^^^^^^^^^^^^^^^^^^^^^^^^^^^^

~~~~~~~~~~~~~~~~~~~~~~~~~~~~~~~~~~~~~~~~~~~~~~~~
###::cron4trig2tm.sh v.200211.1942 Hooks log 4 auto deploy tm.101.camp
###::run@ 2021/03/07 14:00:01
/opt/www/101camp/TM/tm/cron4trig2tm.sh: line 44: inv: command not found
###::end@ 2021/03/07 14:00:19
^^^^^^^^^^^^^^^^^^^^^^^^^^^^^^^^^^^^^^^^^^^^^^^^

~~~~~~~~~~~~~~~~~~~~~~~~~~~~~~~~~~~~~~~~~~~~~~~~
###::cron4trig2tm.sh v.200211.1942 Hooks log 4 auto deploy tm.101.camp
###::run@ 2021/03/07 14:15:01
/opt/www/101camp/TM/tm/cron4trig2tm.sh: line 44: inv: command not found
###::end@ 2021/03/07 14:15:24
^^^^^^^^^^^^^^^^^^^^^^^^^^^^^^^^^^^^^^^^^^^^^^^^

~~~~~~~~~~~~~~~~~~~~~~~~~~~~~~~~~~~~~~~~~~~~~~~~
###::cron4trig2tm.sh v.200211.1942 Hooks log 4 auto deploy tm.101.camp
###::run@ 2021/03/07 14:30:01
/opt/www/101camp/TM/tm/cron4trig2tm.sh: line 44: inv: command not found
###::end@ 2021/03/07 14:30:15
^^^^^^^^^^^^^^^^^^^^^^^^^^^^^^^^^^^^^^^^^^^^^^^^

~~~~~~~~~~~~~~~~~~~~~~~~~~~~~~~~~~~~~~~~~~~~~~~~
###::cron4trig2tm.sh v.200211.1942 Hooks log 4 auto deploy tm.101.camp
###::run@ 2021/03/07 14:45:01
/opt/www/101camp/TM/tm/cron4trig2tm.sh: line 44: inv: command not found
###::end@ 2021/03/07 14:45:31
^^^^^^^^^^^^^^^^^^^^^^^^^^^^^^^^^^^^^^^^^^^^^^^^

~~~~~~~~~~~~~~~~~~~~~~~~~~~~~~~~~~~~~~~~~~~~~~~~
###::cron4trig2tm.sh v.200211.1942 Hooks log 4 auto deploy tm.101.camp
###::run@ 2021/03/07 15:00:01
/opt/www/101camp/TM/tm/cron4trig2tm.sh: line 44: inv: command not found
###::end@ 2021/03/07 15:00:08
^^^^^^^^^^^^^^^^^^^^^^^^^^^^^^^^^^^^^^^^^^^^^^^^

~~~~~~~~~~~~~~~~~~~~~~~~~~~~~~~~~~~~~~~~~~~~~~~~
###::cron4trig2tm.sh v.200211.1942 Hooks log 4 auto deploy tm.101.camp
###::run@ 2021/03/07 15:15:01
/opt/www/101camp/TM/tm/cron4trig2tm.sh: line 44: inv: command not found
###::end@ 2021/03/07 15:15:11
^^^^^^^^^^^^^^^^^^^^^^^^^^^^^^^^^^^^^^^^^^^^^^^^

~~~~~~~~~~~~~~~~~~~~~~~~~~~~~~~~~~~~~~~~~~~~~~~~
###::cron4trig2tm.sh v.200211.1942 Hooks log 4 auto deploy tm.101.camp
###::run@ 2021/03/07 15:30:01
/opt/www/101camp/TM/tm/cron4trig2tm.sh: line 44: inv: command not found
###::end@ 2021/03/07 15:30:11
^^^^^^^^^^^^^^^^^^^^^^^^^^^^^^^^^^^^^^^^^^^^^^^^

~~~~~~~~~~~~~~~~~~~~~~~~~~~~~~~~~~~~~~~~~~~~~~~~
###::cron4trig2tm.sh v.200211.1942 Hooks log 4 auto deploy tm.101.camp
###::run@ 2021/03/07 15:45:01
/opt/www/101camp/TM/tm/cron4trig2tm.sh: line 44: inv: command not found
###::end@ 2021/03/07 15:45:09
^^^^^^^^^^^^^^^^^^^^^^^^^^^^^^^^^^^^^^^^^^^^^^^^

~~~~~~~~~~~~~~~~~~~~~~~~~~~~~~~~~~~~~~~~~~~~~~~~
###::cron4trig2tm.sh v.200211.1942 Hooks log 4 auto deploy tm.101.camp
###::run@ 2021/03/07 16:00:01
/opt/www/101camp/TM/tm/cron4trig2tm.sh: line 44: inv: command not found
###::end@ 2021/03/07 16:00:26
^^^^^^^^^^^^^^^^^^^^^^^^^^^^^^^^^^^^^^^^^^^^^^^^

~~~~~~~~~~~~~~~~~~~~~~~~~~~~~~~~~~~~~~~~~~~~~~~~
###::cron4trig2tm.sh v.200211.1942 Hooks log 4 auto deploy tm.101.camp
###::run@ 2021/03/07 16:15:01
/opt/www/101camp/TM/tm/cron4trig2tm.sh: line 44: inv: command not found
###::end@ 2021/03/07 16:15:20
^^^^^^^^^^^^^^^^^^^^^^^^^^^^^^^^^^^^^^^^^^^^^^^^

~~~~~~~~~~~~~~~~~~~~~~~~~~~~~~~~~~~~~~~~~~~~~~~~
###::cron4trig2tm.sh v.200211.1942 Hooks log 4 auto deploy tm.101.camp
###::run@ 2021/03/07 16:30:01
/opt/www/101camp/TM/tm/cron4trig2tm.sh: line 44: inv: command not found
###::end@ 2021/03/07 16:30:16
^^^^^^^^^^^^^^^^^^^^^^^^^^^^^^^^^^^^^^^^^^^^^^^^

~~~~~~~~~~~~~~~~~~~~~~~~~~~~~~~~~~~~~~~~~~~~~~~~
###::cron4trig2tm.sh v.200211.1942 Hooks log 4 auto deploy tm.101.camp
###::run@ 2021/03/07 16:45:01
/opt/www/101camp/TM/tm/cron4trig2tm.sh: line 44: inv: command not found
###::end@ 2021/03/07 16:45:14
^^^^^^^^^^^^^^^^^^^^^^^^^^^^^^^^^^^^^^^^^^^^^^^^

~~~~~~~~~~~~~~~~~~~~~~~~~~~~~~~~~~~~~~~~~~~~~~~~
###::cron4trig2tm.sh v.200211.1942 Hooks log 4 auto deploy tm.101.camp
###::run@ 2021/03/07 17:00:01
/opt/www/101camp/TM/tm/cron4trig2tm.sh: line 44: inv: command not found
###::end@ 2021/03/07 17:00:09
^^^^^^^^^^^^^^^^^^^^^^^^^^^^^^^^^^^^^^^^^^^^^^^^

~~~~~~~~~~~~~~~~~~~~~~~~~~~~~~~~~~~~~~~~~~~~~~~~
###::cron4trig2tm.sh v.200211.1942 Hooks log 4 auto deploy tm.101.camp
###::run@ 2021/03/07 17:15:01
/opt/www/101camp/TM/tm/cron4trig2tm.sh: line 44: inv: command not found
###::end@ 2021/03/07 17:15:15
^^^^^^^^^^^^^^^^^^^^^^^^^^^^^^^^^^^^^^^^^^^^^^^^

~~~~~~~~~~~~~~~~~~~~~~~~~~~~~~~~~~~~~~~~~~~~~~~~
###::cron4trig2tm.sh v.200211.1942 Hooks log 4 auto deploy tm.101.camp
###::run@ 2021/03/07 17:30:01
/opt/www/101camp/TM/tm/cron4trig2tm.sh: line 44: inv: command not found
###::end@ 2021/03/07 17:30:16
^^^^^^^^^^^^^^^^^^^^^^^^^^^^^^^^^^^^^^^^^^^^^^^^

~~~~~~~~~~~~~~~~~~~~~~~~~~~~~~~~~~~~~~~~~~~~~~~~
###::cron4trig2tm.sh v.200211.1942 Hooks log 4 auto deploy tm.101.camp
###::run@ 2021/03/07 17:45:01
/opt/www/101camp/TM/tm/cron4trig2tm.sh: line 44: inv: command not found
###::end@ 2021/03/07 17:45:22
^^^^^^^^^^^^^^^^^^^^^^^^^^^^^^^^^^^^^^^^^^^^^^^^

~~~~~~~~~~~~~~~~~~~~~~~~~~~~~~~~~~~~~~~~~~~~~~~~
###::cron4trig2tm.sh v.200211.1942 Hooks log 4 auto deploy tm.101.camp
###::run@ 2021/03/07 18:00:01
/opt/www/101camp/TM/tm/cron4trig2tm.sh: line 44: inv: command not found
###::end@ 2021/03/07 18:00:37
^^^^^^^^^^^^^^^^^^^^^^^^^^^^^^^^^^^^^^^^^^^^^^^^

~~~~~~~~~~~~~~~~~~~~~~~~~~~~~~~~~~~~~~~~~~~~~~~~
###::cron4trig2tm.sh v.200211.1942 Hooks log 4 auto deploy tm.101.camp
###::run@ 2021/03/07 18:15:01
/opt/www/101camp/TM/tm/cron4trig2tm.sh: line 44: inv: command not found
###::end@ 2021/03/07 18:15:11
^^^^^^^^^^^^^^^^^^^^^^^^^^^^^^^^^^^^^^^^^^^^^^^^

~~~~~~~~~~~~~~~~~~~~~~~~~~~~~~~~~~~~~~~~~~~~~~~~
###::cron4trig2tm.sh v.200211.1942 Hooks log 4 auto deploy tm.101.camp
###::run@ 2021/03/07 18:30:01
/opt/www/101camp/TM/tm/cron4trig2tm.sh: line 44: inv: command not found
